
*** Running vivado
    with args -log design_1_auto_pc_0.vds -m64 -product Vivado -mode batch -messageDb vivado.pb -notrace -source design_1_auto_pc_0.tcl


****** Vivado v2016.4 (64-bit)
  **** SW Build 1756540 on Mon Jan 23 19:11:23 MST 2017
  **** IP Build 1755317 on Mon Jan 23 20:30:07 MST 2017
    ** Copyright 1986-2016 Xilinx, Inc. All Rights Reserved.

source design_1_auto_pc_0.tcl -notrace
Starting RTL Elaboration : Time (s): cpu = 00:00:11 ; elapsed = 00:00:13 . Memory (MB): peak = 315.625 ; gain = 105.906
INFO: [Synth 8-638] synthesizing module 'design_1_auto_pc_0' [c:/Users/freespace/Desktop/quicksdcard/quicksdcard.srcs/sources_1/bd/design_1/ip/design_1_auto_pc_0/synth/design_1_auto_pc_0.v:58]
INFO: [Synth 8-638] synthesizing module 'axi_protocol_converter_v2_1_11_axi_protocol_converter' [c:/Users/freespace/Desktop/quicksdcard/quicksdcard.srcs/sources_1/bd/design_1/ipshared/df1b/hdl/axi_protocol_converter_v2_1_vl_rfs.v:4806]
INFO: [Synth 8-256] done synthesizing module 'axi_protocol_converter_v2_1_11_axi_protocol_converter' (1#1) [c:/Users/freespace/Desktop/quicksdcard/quicksdcard.srcs/sources_1/bd/design_1/ipshared/df1b/hdl/axi_protocol_converter_v2_1_vl_rfs.v:4806]
INFO: [Synth 8-256] done synthesizing module 'design_1_auto_pc_0' (2#1) [c:/Users/freespace/Desktop/quicksdcard/quicksdcard.srcs/sources_1/bd/design_1/ip/design_1_auto_pc_0/synth/design_1_auto_pc_0.v:58]
Finished RTL Elaboration : Time (s): cpu = 00:00:50 ; elapsed = 00:00:53 . Memory (MB): peak = 431.957 ; gain = 222.238
Finished RTL Optimization Phase 1 : Time (s): cpu = 00:00:50 ; elapsed = 00:00:53 . Memory (MB): peak = 431.957 ; gain = 222.238
INFO: [Device 21-403] Loading part xc7a35tcpg236-1
Constraint Validation Runtime : Time (s): cpu = 00:00:00 ; elapsed = 00:00:00.018 . Memory (MB): peak = 554.770 ; gain = 0.000
Finished Constraint Validation : Time (s): cpu = 00:01:00 ; elapsed = 00:01:04 . Memory (MB): peak = 554.770 ; gain = 345.051
Finished Loading Part and Timing Information : Time (s): cpu = 00:01:00 ; elapsed = 00:01:04 . Memory (MB): peak = 554.770 ; gain = 345.051
Finished applying 'set_property' XDC Constraints : Time (s): cpu = 00:01:00 ; elapsed = 00:01:04 . Memory (MB): peak = 554.770 ; gain = 345.051
Finished RTL Optimization Phase 2 : Time (s): cpu = 00:01:00 ; elapsed = 00:01:04 . Memory (MB): peak = 554.770 ; gain = 345.051
Finished Cross Boundary and Area Optimization : Time (s): cpu = 00:01:00 ; elapsed = 00:01:05 . Memory (MB): peak = 554.770 ; gain = 345.051
Finished Applying XDC Timing Constraints : Time (s): cpu = 00:01:13 ; elapsed = 00:01:17 . Memory (MB): peak = 577.223 ; gain = 367.504
Finished Timing Optimization : Time (s): cpu = 00:01:13 ; elapsed = 00:01:17 . Memory (MB): peak = 577.223 ; gain = 367.504
Finished Technology Mapping : Time (s): cpu = 00:01:13 ; elapsed = 00:01:17 . Memory (MB): peak = 587.840 ; gain = 378.121
Finished IO Insertion : Time (s): cpu = 00:01:14 ; elapsed = 00:01:18 . Memory (MB): peak = 587.840 ; gain = 378.121
Finished Renaming Generated Instances : Time (s): cpu = 00:01:14 ; elapsed = 00:01:18 . Memory (MB): peak = 587.840 ; gain = 378.121
Finished Rebuilding User Hierarchy : Time (s): cpu = 00:01:14 ; elapsed = 00:01:18 . Memory (MB): peak = 587.840 ; gain = 378.121
Finished Renaming Generated Ports : Time (s): cpu = 00:01:14 ; elapsed = 00:01:18 . Memory (MB): peak = 587.840 ; gain = 378.121
Finished Handling Custom Attributes : Time (s): cpu = 00:01:14 ; elapsed = 00:01:18 . Memory (MB): peak = 587.840 ; gain = 378.121
Finished Renaming Generated Nets : Time (s): cpu = 00:01:14 ; elapsed = 00:01:18 . Memory (MB): peak = 587.840 ; gain = 378.121

Report Cell Usage: 
+-+-----+------+
| |Cell |Count |
+-+-----+------+
+-+-----+------+
Finished Writing Synthesis Report : Time (s): cpu = 00:01:14 ; elapsed = 00:01:18 . Memory (MB): peak = 587.840 ; gain = 378.121
synth_design: Time (s): cpu = 00:01:11 ; elapsed = 00:01:14 . Memory (MB): peak = 620.270 ; gain = 390.313
