
*** Running vivado
    with args -log design_1_myvga_0_0.vds -m64 -product Vivado -mode batch -messageDb vivado.pb -notrace -source design_1_myvga_0_0.tcl


****** Vivado v2016.4 (64-bit)
  **** SW Build 1756540 on Mon Jan 23 19:11:23 MST 2017
  **** IP Build 1755317 on Mon Jan 23 20:30:07 MST 2017
    ** Copyright 1986-2016 Xilinx, Inc. All Rights Reserved.

source design_1_myvga_0_0.tcl -notrace
Command: synth_design -top design_1_myvga_0_0 -part xc7a35tcpg236-1 -mode out_of_context
Starting synth_design
Attempting to get a license for feature 'Synthesis' and/or device 'xc7a35t'
INFO: [Common 17-349] Got license for feature 'Synthesis' and/or device 'xc7a35t'
INFO: Launching helper process for spawning children vivado processes
INFO: Helper process launched with PID 2412 
WARNING: [Synth 8-2611] redeclaration of ansi port x is not allowed [c:/Users/freespace/Desktop/quicksdcard/quicksdcard.srcs/sources_1/bd/design_1/ipshared/654d/src/vga_test.v:16]
WARNING: [Synth 8-2611] redeclaration of ansi port y is not allowed [c:/Users/freespace/Desktop/quicksdcard/quicksdcard.srcs/sources_1/bd/design_1/ipshared/654d/src/vga_test.v:16]
---------------------------------------------------------------------------------
Starting RTL Elaboration : Time (s): cpu = 00:00:07 ; elapsed = 00:00:09 . Memory (MB): peak = 320.516 ; gain = 110.137
---------------------------------------------------------------------------------
INFO: [Synth 8-638] synthesizing module 'design_1_myvga_0_0' [c:/Users/freespace/Desktop/quicksdcard/quicksdcard.srcs/sources_1/bd/design_1/ip/design_1_myvga_0_0/synth/design_1_myvga_0_0.v:57]
INFO: [Synth 8-638] synthesizing module 'myvga_v1_0' [c:/Users/freespace/Desktop/quicksdcard/quicksdcard.srcs/sources_1/bd/design_1/ipshared/654d/hdl/myvga_v1_0.v:4]
INFO: [Synth 8-638] synthesizing module 'vga_test' [c:/Users/freespace/Desktop/quicksdcard/quicksdcard.srcs/sources_1/bd/design_1/ipshared/654d/src/vga_test.v:1]
INFO: [Synth 8-638] synthesizing module 'vga_sync' [c:/Users/freespace/Desktop/quicksdcard/quicksdcard.srcs/sources_1/bd/design_1/ipshared/654d/src/vga_sync.v:1]
	Parameter H_DISPLAY bound to: 640 - type: integer 
	Parameter H_L_BORDER bound to: 48 - type: integer 
	Parameter H_R_BORDER bound to: 16 - type: integer 
	Parameter H_RETRACE bound to: 96 - type: integer 
	Parameter H_MAX bound to: 799 - type: integer 
	Parameter START_H_RETRACE bound to: 656 - type: integer 
	Parameter END_H_RETRACE bound to: 751 - type: integer 
	Parameter V_DISPLAY bound to: 480 - type: integer 
	Parameter V_T_BORDER bound to: 10 - type: integer 
	Parameter V_B_BORDER bound to: 33 - type: integer 
	Parameter V_RETRACE bound to: 2 - type: integer 
	Parameter V_MAX bound to: 524 - type: integer 
	Parameter START_V_RETRACE bound to: 513 - type: integer 
	Parameter END_V_RETRACE bound to: 514 - type: integer 
INFO: [Synth 8-256] done synthesizing module 'vga_sync' (1#1) [c:/Users/freespace/Desktop/quicksdcard/quicksdcard.srcs/sources_1/bd/design_1/ipshared/654d/src/vga_sync.v:1]
INFO: [Synth 8-256] done synthesizing module 'vga_test' (2#1) [c:/Users/freespace/Desktop/quicksdcard/quicksdcard.srcs/sources_1/bd/design_1/ipshared/654d/src/vga_test.v:1]
INFO: [Synth 8-256] done synthesizing module 'myvga_v1_0' (3#1) [c:/Users/freespace/Desktop/quicksdcard/quicksdcard.srcs/sources_1/bd/design_1/ipshared/654d/hdl/myvga_v1_0.v:4]
INFO: [Synth 8-256] done synthesizing module 'design_1_myvga_0_0' (4#1) [c:/Users/freespace/Desktop/quicksdcard/quicksdcard.srcs/sources_1/bd/design_1/ip/design_1_myvga_0_0/synth/design_1_myvga_0_0.v:57]
WARNING: [Synth 8-3331] design vga_test has unconnected port data[31]
WARNING: [Synth 8-3331] design vga_test has unconnected port data[30]
WARNING: [Synth 8-3331] design vga_test has unconnected port data[29]
WARNING: [Synth 8-3331] design vga_test has unconnected port data[28]
WARNING: [Synth 8-3331] design vga_test has unconnected port data[27]
WARNING: [Synth 8-3331] design vga_test has unconnected port data[26]
WARNING: [Synth 8-3331] design vga_test has unconnected port data[25]
WARNING: [Synth 8-3331] design vga_test has unconnected port data[24]
WARNING: [Synth 8-3331] design vga_test has unconnected port data[23]
WARNING: [Synth 8-3331] design vga_test has unconnected port data[22]
WARNING: [Synth 8-3331] design vga_test has unconnected port data[21]
WARNING: [Synth 8-3331] design vga_test has unconnected port data[20]
WARNING: [Synth 8-3331] design vga_test has unconnected port data[19]
WARNING: [Synth 8-3331] design vga_test has unconnected port data[18]
WARNING: [Synth 8-3331] design vga_test has unconnected port data[17]
WARNING: [Synth 8-3331] design vga_test has unconnected port data[16]
WARNING: [Synth 8-3331] design vga_test has unconnected port data[15]
WARNING: [Synth 8-3331] design vga_test has unconnected port data[14]
WARNING: [Synth 8-3331] design vga_test has unconnected port data[13]
WARNING: [Synth 8-3331] design vga_test has unconnected port data[12]
---------------------------------------------------------------------------------
Finished RTL Elaboration : Time (s): cpu = 00:00:08 ; elapsed = 00:00:09 . Memory (MB): peak = 339.242 ; gain = 128.863
---------------------------------------------------------------------------------

Report Check Netlist: 
+------+------------------+-------+---------+-------+------------------+
|      |Item              |Errors |Warnings |Status |Description       |
+------+------------------+-------+---------+-------+------------------+
|1     |multi_driven_nets |      0|        0|Passed |Multi driven nets |
+------+------------------+-------+---------+-------+------------------+
---------------------------------------------------------------------------------
Finished RTL Optimization Phase 1 : Time (s): cpu = 00:00:08 ; elapsed = 00:00:10 . Memory (MB): peak = 339.242 ; gain = 128.863
---------------------------------------------------------------------------------
INFO: [Device 21-403] Loading part xc7a35tcpg236-1
INFO: [Project 1-570] Preparing netlist for logic optimization

Processing XDC Constraints
Initializing timing engine
Completed Processing XDC Constraints

INFO: [Project 1-111] Unisim Transformation Summary:
No Unisim elements were transformed.

Constraint Validation Runtime : Time (s): cpu = 00:00:00 ; elapsed = 00:00:00.220 . Memory (MB): peak = 622.992 ; gain = 0.020
---------------------------------------------------------------------------------
Finished Constraint Validation : Time (s): cpu = 00:00:16 ; elapsed = 00:00:19 . Memory (MB): peak = 622.992 ; gain = 412.613
---------------------------------------------------------------------------------
---------------------------------------------------------------------------------
Start Loading Part and Timing Information
---------------------------------------------------------------------------------
Loading part: xc7a35tcpg236-1
---------------------------------------------------------------------------------
Finished Loading Part and Timing Information : Time (s): cpu = 00:00:16 ; elapsed = 00:00:19 . Memory (MB): peak = 622.992 ; gain = 412.613
---------------------------------------------------------------------------------
---------------------------------------------------------------------------------
Start Applying 'set_property' XDC Constraints
---------------------------------------------------------------------------------
---------------------------------------------------------------------------------
Finished applying 'set_property' XDC Constraints : Time (s): cpu = 00:00:16 ; elapsed = 00:00:19 . Memory (MB): peak = 622.992 ; gain = 412.613
---------------------------------------------------------------------------------
---------------------------------------------------------------------------------
Finished RTL Optimization Phase 2 : Time (s): cpu = 00:00:17 ; elapsed = 00:00:20 . Memory (MB): peak = 622.992 ; gain = 412.613
---------------------------------------------------------------------------------

Report RTL Partitions: 
+-+--------------+------------+----------+
| |RTL Partition |Replication |Instances |
+-+--------------+------------+----------+
+-+--------------+------------+----------+
---------------------------------------------------------------------------------
Start RTL Component Statistics 
---------------------------------------------------------------------------------
Detailed RTL Component Info : 
+---Adders : 
	   2 Input     10 Bit       Adders := 2     
	   2 Input      2 Bit       Adders := 1     
+---Registers : 
	               12 Bit    Registers := 1     
	               10 Bit    Registers := 2     
	                2 Bit    Registers := 1     
	                1 Bit    Registers := 2     
+---Muxes : 
	   2 Input     12 Bit        Muxes := 1     
---------------------------------------------------------------------------------
Finished RTL Component Statistics 
---------------------------------------------------------------------------------
---------------------------------------------------------------------------------
Start RTL Hierarchical Component Statistics 
---------------------------------------------------------------------------------
Hierarchical RTL Component report 
Module vga_sync 
Detailed RTL Component Info : 
+---Adders : 
	   2 Input     10 Bit       Adders := 2     
	   2 Input      2 Bit       Adders := 1     
+---Registers : 
	               10 Bit    Registers := 2     
	                2 Bit    Registers := 1     
	                1 Bit    Registers := 2     
Module vga_test 
Detailed RTL Component Info : 
+---Registers : 
	               12 Bit    Registers := 1     
+---Muxes : 
	   2 Input     12 Bit        Muxes := 1     
---------------------------------------------------------------------------------
Finished RTL Hierarchical Component Statistics
---------------------------------------------------------------------------------
---------------------------------------------------------------------------------
Start Part Resource Summary
---------------------------------------------------------------------------------
Part Resources:
DSPs: 90 (col length:60)
BRAMs: 100 (col length: RAMB18 60 RAMB36 30)
---------------------------------------------------------------------------------
Finished Part Resource Summary
---------------------------------------------------------------------------------
---------------------------------------------------------------------------------
Start Cross Boundary and Area Optimization
---------------------------------------------------------------------------------
INFO: [Synth 8-3917] design design_1_myvga_0_0 has port addr[31] driven by constant 0
INFO: [Synth 8-3917] design design_1_myvga_0_0 has port addr[30] driven by constant 0
INFO: [Synth 8-3917] design design_1_myvga_0_0 has port addr[29] driven by constant 0
INFO: [Synth 8-3917] design design_1_myvga_0_0 has port addr[28] driven by constant 0
INFO: [Synth 8-3917] design design_1_myvga_0_0 has port addr[27] driven by constant 0
INFO: [Synth 8-3917] design design_1_myvga_0_0 has port addr[26] driven by constant 0
INFO: [Synth 8-3917] design design_1_myvga_0_0 has port addr[25] driven by constant 0
INFO: [Synth 8-3917] design design_1_myvga_0_0 has port addr[24] driven by constant 0
INFO: [Synth 8-3917] design design_1_myvga_0_0 has port addr[23] driven by constant 0
INFO: [Synth 8-3917] design design_1_myvga_0_0 has port addr[22] driven by constant 0
INFO: [Synth 8-3917] design design_1_myvga_0_0 has port addr[21] driven by constant 0
INFO: [Synth 8-3917] design design_1_myvga_0_0 has port addr[20] driven by constant 0
INFO: [Synth 8-3917] design design_1_myvga_0_0 has port addr[19] driven by constant 0
INFO: [Synth 8-3917] design design_1_myvga_0_0 has port addr[18] driven by constant 0
INFO: [Synth 8-3917] design design_1_myvga_0_0 has port addr[17] driven by constant 0
INFO: [Synth 8-3917] design design_1_myvga_0_0 has port addr[16] driven by constant 0
INFO: [Synth 8-3917] design design_1_myvga_0_0 has port addr[15] driven by constant 0
INFO: [Synth 8-3917] design design_1_myvga_0_0 has port enable driven by constant 1
INFO: [Synth 8-3917] design design_1_myvga_0_0 has port led[15] driven by constant 0
INFO: [Synth 8-3917] design design_1_myvga_0_0 has port led[14] driven by constant 0
INFO: [Synth 8-3917] design design_1_myvga_0_0 has port led[13] driven by constant 0
INFO: [Synth 8-3917] design design_1_myvga_0_0 has port led[12] driven by constant 0
WARNING: [Synth 8-3331] design design_1_myvga_0_0 has unconnected port data[31]
WARNING: [Synth 8-3331] design design_1_myvga_0_0 has unconnected port data[30]
WARNING: [Synth 8-3331] design design_1_myvga_0_0 has unconnected port data[29]
WARNING: [Synth 8-3331] design design_1_myvga_0_0 has unconnected port data[28]
WARNING: [Synth 8-3331] design design_1_myvga_0_0 has unconnected port data[27]
WARNING: [Synth 8-3331] design design_1_myvga_0_0 has unconnected port data[26]
WARNING: [Synth 8-3331] design design_1_myvga_0_0 has unconnected port data[25]
WARNING: [Synth 8-3331] design design_1_myvga_0_0 has unconnected port data[24]
WARNING: [Synth 8-3331] design design_1_myvga_0_0 has unconnected port data[23]
WARNING: [Synth 8-3331] design design_1_myvga_0_0 has unconnected port data[22]
WARNING: [Synth 8-3331] design design_1_myvga_0_0 has unconnected port data[21]
WARNING: [Synth 8-3331] design design_1_myvga_0_0 has unconnected port data[20]
WARNING: [Synth 8-3331] design design_1_myvga_0_0 has unconnected port data[19]
WARNING: [Synth 8-3331] design design_1_myvga_0_0 has unconnected port data[18]
WARNING: [Synth 8-3331] design design_1_myvga_0_0 has unconnected port data[17]
WARNING: [Synth 8-3331] design design_1_myvga_0_0 has unconnected port data[16]
WARNING: [Synth 8-3331] design design_1_myvga_0_0 has unconnected port data[15]
WARNING: [Synth 8-3331] design design_1_myvga_0_0 has unconnected port data[14]
WARNING: [Synth 8-3331] design design_1_myvga_0_0 has unconnected port data[13]
WARNING: [Synth 8-3331] design design_1_myvga_0_0 has unconnected port data[12]
---------------------------------------------------------------------------------
Finished Cross Boundary and Area Optimization : Time (s): cpu = 00:00:19 ; elapsed = 00:00:23 . Memory (MB): peak = 622.992 ; gain = 412.613
---------------------------------------------------------------------------------

Report RTL Partitions: 
+-+--------------+------------+----------+
| |RTL Partition |Replication |Instances |
+-+--------------+------------+----------+
+-+--------------+------------+----------+
---------------------------------------------------------------------------------
Start Timing Optimization
---------------------------------------------------------------------------------
---------------------------------------------------------------------------------
Start Applying XDC Timing Constraints
---------------------------------------------------------------------------------
---------------------------------------------------------------------------------
Finished Applying XDC Timing Constraints : Time (s): cpu = 00:00:30 ; elapsed = 00:00:34 . Memory (MB): peak = 622.992 ; gain = 412.613
---------------------------------------------------------------------------------
---------------------------------------------------------------------------------
Finished Timing Optimization : Time (s): cpu = 00:00:30 ; elapsed = 00:00:34 . Memory (MB): peak = 622.992 ; gain = 412.613
---------------------------------------------------------------------------------

Report RTL Partitions: 
+-+--------------+------------+----------+
| |RTL Partition |Replication |Instances |
+-+--------------+------------+----------+
+-+--------------+------------+----------+
---------------------------------------------------------------------------------
Start Technology Mapping
---------------------------------------------------------------------------------
---------------------------------------------------------------------------------
Finished Technology Mapping : Time (s): cpu = 00:00:31 ; elapsed = 00:00:34 . Memory (MB): peak = 622.992 ; gain = 412.613
---------------------------------------------------------------------------------

Report RTL Partitions: 
+-+--------------+------------+----------+
| |RTL Partition |Replication |Instances |
+-+--------------+------------+----------+
+-+--------------+------------+----------+
---------------------------------------------------------------------------------
Start IO Insertion
---------------------------------------------------------------------------------
---------------------------------------------------------------------------------
Start Flattening Before IO Insertion
---------------------------------------------------------------------------------
---------------------------------------------------------------------------------
Finished Flattening Before IO Insertion
---------------------------------------------------------------------------------
---------------------------------------------------------------------------------
Start Final Netlist Cleanup
---------------------------------------------------------------------------------
---------------------------------------------------------------------------------
Finished Final Netlist Cleanup
---------------------------------------------------------------------------------
---------------------------------------------------------------------------------
Finished IO Insertion : Time (s): cpu = 00:00:31 ; elapsed = 00:00:34 . Memory (MB): peak = 622.992 ; gain = 412.613
---------------------------------------------------------------------------------

Report Check Netlist: 
+------+------------------+-------+---------+-------+------------------+
|      |Item              |Errors |Warnings |Status |Description       |
+------+------------------+-------+---------+-------+------------------+
|1     |multi_driven_nets |      0|        0|Passed |Multi driven nets |
+------+------------------+-------+---------+-------+------------------+
---------------------------------------------------------------------------------
Start Renaming Generated Instances
---------------------------------------------------------------------------------
---------------------------------------------------------------------------------
Finished Renaming Generated Instances : Time (s): cpu = 00:00:31 ; elapsed = 00:00:34 . Memory (MB): peak = 622.992 ; gain = 412.613
---------------------------------------------------------------------------------

Report RTL Partitions: 
+-+--------------+------------+----------+
| |RTL Partition |Replication |Instances |
+-+--------------+------------+----------+
+-+--------------+------------+----------+
---------------------------------------------------------------------------------
Start Rebuilding User Hierarchy
---------------------------------------------------------------------------------
---------------------------------------------------------------------------------
Finished Rebuilding User Hierarchy : Time (s): cpu = 00:00:31 ; elapsed = 00:00:35 . Memory (MB): peak = 622.992 ; gain = 412.613
---------------------------------------------------------------------------------
---------------------------------------------------------------------------------
Start Renaming Generated Ports
---------------------------------------------------------------------------------
---------------------------------------------------------------------------------
Finished Renaming Generated Ports : Time (s): cpu = 00:00:31 ; elapsed = 00:00:35 . Memory (MB): peak = 622.992 ; gain = 412.613
---------------------------------------------------------------------------------
---------------------------------------------------------------------------------
Start Handling Custom Attributes
---------------------------------------------------------------------------------
---------------------------------------------------------------------------------
Finished Handling Custom Attributes : Time (s): cpu = 00:00:31 ; elapsed = 00:00:35 . Memory (MB): peak = 622.992 ; gain = 412.613
---------------------------------------------------------------------------------
---------------------------------------------------------------------------------
Start Renaming Generated Nets
---------------------------------------------------------------------------------
---------------------------------------------------------------------------------
Finished Renaming Generated Nets : Time (s): cpu = 00:00:31 ; elapsed = 00:00:35 . Memory (MB): peak = 622.992 ; gain = 412.613
---------------------------------------------------------------------------------
---------------------------------------------------------------------------------
Start Writing Synthesis Report
---------------------------------------------------------------------------------

Report BlackBoxes: 
+-+--------------+----------+
| |BlackBox name |Instances |
+-+--------------+----------+
+-+--------------+----------+

Report Cell Usage: 
+------+-------+------+
|      |Cell   |Count |
+------+-------+------+
|1     |CARRY4 |     3|
|2     |LUT1   |     3|
|3     |LUT2   |    17|
|4     |LUT3   |     7|
|5     |LUT4   |     6|
|6     |LUT5   |    13|
|7     |LUT6   |    28|
|8     |FDCE   |    36|
+------+-------+------+

Report Instance Areas: 
+------+--------------------+-----------+------+
|      |Instance            |Module     |Cells |
+------+--------------------+-----------+------+
|1     |top                 |           |   113|
|2     |  inst              |myvga_v1_0 |   113|
|3     |    vgatest         |vga_test   |   113|
|4     |      vga_sync_unit |vga_sync   |   101|
+------+--------------------+-----------+------+
---------------------------------------------------------------------------------
Finished Writing Synthesis Report : Time (s): cpu = 00:00:31 ; elapsed = 00:00:35 . Memory (MB): peak = 622.992 ; gain = 412.613
---------------------------------------------------------------------------------
Synthesis finished with 0 errors, 0 critical warnings and 20 warnings.
Synthesis Optimization Runtime : Time (s): cpu = 00:00:18 ; elapsed = 00:00:24 . Memory (MB): peak = 622.992 ; gain = 108.219
Synthesis Optimization Complete : Time (s): cpu = 00:00:31 ; elapsed = 00:00:35 . Memory (MB): peak = 622.992 ; gain = 412.613
INFO: [Project 1-571] Translating synthesized netlist
INFO: [Netlist 29-17] Analyzing 3 Unisim elements for replacement
INFO: [Netlist 29-28] Unisim Transformation completed in 0 CPU seconds
INFO: [Project 1-570] Preparing netlist for logic optimization
INFO: [Opt 31-138] Pushed 0 inverter(s) to 0 load pin(s).
INFO: [Project 1-111] Unisim Transformation Summary:
No Unisim elements were transformed.

INFO: [Common 17-83] Releasing license: Synthesis
41 Infos, 42 Warnings, 0 Critical Warnings and 0 Errors encountered.
synth_design completed successfully
synth_design: Time (s): cpu = 00:00:29 ; elapsed = 00:00:31 . Memory (MB): peak = 622.992 ; gain = 391.969
INFO: [Common 17-1381] The checkpoint 'C:/Users/freespace/Desktop/quicksdcard/quicksdcard.runs/design_1_myvga_0_0_synth_1/design_1_myvga_0_0.dcp' has been generated.
