#
# A fatal error has been detected by the Java Runtime Environment:
#
#  Internal Error (0xc000000d), pid=11944, tid=10192
#
# JRE version: Java(TM) SE Runtime Environment (8.0_66-b18) (build 1.8.0_66-b18)
# Java VM: Java HotSpot(TM) 64-Bit Server VM (25.66-b18 mixed mode windows-amd64 compressed oops)
# Problematic frame:
# C  [ntdll.dll+0x105a50]
#
# Failed to write core dump. Minidumps are not enabled by default on client versions of Windows
#
# If you would like to submit a bug report, please visit:
#   http://bugreport.java.com/bugreport/crash.jsp
#

---------------  T H R E A D  ---------------

Current thread (0x0000000013be7800):  VMThread [stack: 0x0000000014c80000,0x0000000014d80000] [id=10192]

siginfo: ExceptionCode=0xc000000d

Registers:
RAX=0x0000ac1b43380357, RBX=0xfffffffffffffffe, RCX=0x0000000000000000, RDX=0x0000000000000000
RSP=0x0000000014d7f270, RBP=0x00007ffcc2447408, RSI=0x0000000000000000, RDI=0x0000000000000c78
R8 =0x00007ffccfdff246, R9 =0x00000000c0150008, R10=0x0000000000000000, R11=0x0000000000000000
R12=0x000000000056a9b0, R13=0x000000002557cc50, R14=0x000000000056aab8, R15=0x0000000014d7f3e8
RIP=0x00007ffccfee5a50, EFLAGS=0x0000000000000206

Top of Stack: (sp=0x0000000014d7f270)
0x0000000014d7f270:   0000000000000057 fffffffffffffffe
0x0000000014d7f280:   0000000000000000 0000000000000c78
0x0000000014d7f290:   00000000c000000d 0000000000000000
0x0000000014d7f2a0:   00007ffccfee5a50 0000000000000000
0x0000000014d7f2b0:   0000000000000000 0000000000000000
0x0000000014d7f2c0:   0000000000000000 0000000000000000
0x0000000014d7f2d0:   0000000000000000 0000000000000000
0x0000000014d7f2e0:   0000000000000000 0000000000000000
0x0000000014d7f2f0:   0000000000000000 0000000000000000
0x0000000014d7f300:   0000000000000000 0000000000000000
0x0000000014d7f310:   0000000000000000 0000000000000000
0x0000000014d7f320:   0000000000000000 00000000cff20101
0x0000000014d7f330:   0000ac1b43381ae7 00000000000005e8
0x0000000014d7f340:   0000000000000000 00007ffccfe9c829
0x0000000014d7f350:   0000000003af0101 0000000000000000
0x0000000014d7f360:   000000010000032f 00007ffccfdf52cc 

Instructions: (pc=0x00007ffccfee5a50)
0x00007ffccfee5a30:   64 fa ff c7 44 24 20 0d 00 00 c0 b9 57 00 00 00
0x00007ffccfee5a40:   e8 fb 4b f5 ff 90 48 8d 4c 24 20 e8 f0 fa f0 ff
0x00007ffccfee5a50:   eb 00 48 8b 8c 24 c0 00 00 00 48 33 cc e8 2e 05
0x00007ffccfee5a60:   f9 ff 48 81 c4 d8 00 00 00 c3 40 55 48 83 ec 20 


Register to memory mapping:

RAX=0x0000ac1b43380357 is an unknown value
RBX=0xfffffffffffffffe is an unknown value
RCX=0x0000000000000000 is an unknown value
RDX=0x0000000000000000 is an unknown value
RSP=0x0000000014d7f270 is an unknown value
RBP=0x00007ffcc2447408 is an unknown value
RSI=0x0000000000000000 is an unknown value
RDI=0x0000000000000c78 is an unknown value
R8 =0x00007ffccfdff246 is an unknown value
R9 =0x00000000c0150008 is an unknown value
R10=0x0000000000000000 is an unknown value
R11=0x0000000000000000 is an unknown value
R12=0x000000000056a9b0 is an unknown value
R13=0x000000002557cc50 is an unknown value
R14=0x000000000056aab8 is an unknown value
R15=0x0000000014d7f3e8 is an unknown value


Stack: [0x0000000014c80000,0x0000000014d80000],  sp=0x0000000014d7f270,  free space=1020k
Native frames: (J=compiled Java code, j=interpreted, Vv=VM code, C=native code)
C  [ntdll.dll+0x105a50]
C  [ntdll.dll+0xbc829]
C  [KERNEL32.DLL+0x1e6fa]
C  [MSVCR110.dll+0x752d]
C  [MSVCR110.dll+0x73c6]
C  [MSVCR110.dll+0x14cca]
C  [MSVCR110.dll+0x13edc]
C  [MSVCR110.dll+0x239e]
C  [MSVCR110.dll+0xaf9e]
C  [MSVCP110.dll+0x397b9]
C  [librdi_common.dll+0x183a66]
C  [librdi_common.dll+0x1826fb]
C  [librdi_target_manager.dll+0x2400]
C  [librdi_target_manager.dll+0x2682]
C  [ntdll.dll+0x2486f]
C  [ntdll.dll+0x4d44c]
C  [ntdll.dll+0x4d304]
C  [KERNEL32.DLL+0x1c0da]
C  [MSVCR100.dll+0x20ccd]
V  [jvm.dll+0x210cc5]
V  [jvm.dll+0x249897]
V  [jvm.dll+0x248b36]
V  [jvm.dll+0x248fd1]
V  [jvm.dll+0x2491ee]
V  [jvm.dll+0x29a0fa]
C  [MSVCR100.dll+0x21d9f]
C  [MSVCR100.dll+0x21e3b]
C  [KERNEL32.DLL+0x12774]
C  [ntdll.dll+0x70d61]

VM_Operation (0x000000000014f4c0): Exit, mode: safepoint, requested by thread 0x00000000027fe000


---------------  P R O C E S S  ---------------

Java Threads: ( => current thread )
  0x000000001a009800 JavaThread "Thread-32" daemon [_thread_blocked, id=6400, stack(0x0000000028d60000,0x0000000028e60000)]
  0x0000000019e14800 JavaThread "TCF Channel Transmitter" daemon [_thread_blocked, id=3736, stack(0x0000000025100000,0x0000000025200000)]
  0x0000000019e1b000 JavaThread "TCF Channel Receiver" daemon [_thread_in_native, id=6372, stack(0x0000000025000000,0x0000000025100000)]
  0x0000000019e17800 JavaThread "Process monitor" daemon [_thread_in_native, id=2352, stack(0x0000000024d00000,0x0000000024e00000)]
  0x0000000019e16000 JavaThread "Input Stream Monitor" daemon [_thread_blocked, id=2088, stack(0x0000000024c00000,0x0000000024d00000)]
  0x0000000019e1a800 JavaThread "Output Stream Monitor" daemon [_thread_in_native, id=7872, stack(0x0000000024b00000,0x0000000024c00000)]
  0x0000000019e18000 JavaThread "Output Stream Monitor" daemon [_thread_in_native, id=8108, stack(0x0000000024a00000,0x0000000024b00000)]
  0x0000000019e16800 JavaThread "TCF Locator DNS Lookup" daemon [_thread_blocked, id=14108, stack(0x0000000024700000,0x0000000024800000)]
  0x0000000019e19800 JavaThread "TCF Locator Timer" daemon [_thread_blocked, id=11412, stack(0x0000000024600000,0x0000000024700000)]
  0x0000000019f2e000 JavaThread "TCF Locator Receiver" daemon [_thread_in_native, id=10592, stack(0x0000000024210000,0x0000000024310000)]
  0x0000000019f32000 JavaThread "TCF Timer Dispatcher" daemon [_thread_blocked, id=10940, stack(0x0000000024010000,0x0000000024110000)]
  0x0000000016ff0800 JavaThread "EMF Reference Cleaner" daemon [_thread_blocked, id=8620, stack(0x0000000018a70000,0x0000000018b70000)]
  0x0000000013c7e000 JavaThread "Service Thread" daemon [_thread_blocked, id=11764, stack(0x0000000015970000,0x0000000015a70000)]
  0x0000000013c2c000 JavaThread "C1 CompilerThread2" daemon [_thread_blocked, id=7664, stack(0x0000000015470000,0x0000000015570000)]
  0x0000000013c25000 JavaThread "C2 CompilerThread1" daemon [_thread_blocked, id=4312, stack(0x0000000015370000,0x0000000015470000)]
  0x0000000013c1e800 JavaThread "C2 CompilerThread0" daemon [_thread_blocked, id=11920, stack(0x0000000015270000,0x0000000015370000)]
  0x0000000013c1d800 JavaThread "Attach Listener" daemon [_thread_blocked, id=13028, stack(0x0000000015170000,0x0000000015270000)]
  0x0000000013c1c000 JavaThread "Signal Dispatcher" daemon [_thread_blocked, id=12368, stack(0x0000000015070000,0x0000000015170000)]
  0x0000000002776800 JavaThread "Finalizer" daemon [_thread_blocked, id=13116, stack(0x0000000014e80000,0x0000000014f80000)]
  0x0000000013be8800 JavaThread "Reference Handler" daemon [_thread_blocked, id=8700, stack(0x0000000014d80000,0x0000000014e80000)]
  0x00000000027fe000 JavaThread "main" [_thread_blocked, id=10820, stack(0x0000000000050000,0x0000000000150000)]

Other Threads:
=>0x0000000013be7800 VMThread [stack: 0x0000000014c80000,0x0000000014d80000] [id=10192]

VM state:at safepoint (shutting down)

VM Mutex/Monitor currently owned by a thread:  ([mutex/lock_event])
[0x00000000027fdd50] Threads_lock - owner thread: 0x0000000013be7800

Heap:
 PSYoungGen      total 101376K, used 43020K [0x00000000f5580000, 0x00000000fba00000, 0x0000000100000000)
  eden space 99840K, 43% used [0x00000000f5580000,0x00000000f7f83148,0x00000000fb700000)
  from space 1536K, 0% used [0x00000000fb880000,0x00000000fb880000,0x00000000fba00000)
  to   space 1536K, 0% used [0x00000000fb700000,0x00000000fb700000,0x00000000fb880000)
 ParOldGen       total 113152K, used 50482K [0x00000000e0000000, 0x00000000e6e80000, 0x00000000f5580000)
  object space 113152K, 44% used [0x00000000e0000000,0x00000000e314ca90,0x00000000e6e80000)
 Metaspace       used 97508K, capacity 104674K, committed 104856K, reserved 1140736K
  class space    used 11467K, capacity 13626K, committed 13736K, reserved 1048576K

Card table byte_map: [0x0000000011bc0000,0x0000000011cd0000] byte_map_base: 0x00000000114c0000

Marking Bits: (ParMarkBitMap*) 0x00000000768aa5b0
 Begin Bits: [0x0000000012180000, 0x0000000012980000)
 End Bits:   [0x0000000012980000, 0x0000000013180000)

Polling page: 0x0000000002220000

CodeCache: size=245760Kb used=54379Kb max_used=54514Kb free=191380Kb
 bounds [0x0000000002800000, 0x0000000005db0000, 0x0000000011800000]
 total_blobs=15383 nmethods=14471 adapters=818
 compilation: enabled

Compilation events (10 events):
Event: 4021.076 Thread 0x0000000013c2c000 18543       3       org.eclipse.osgi.internal.framework.EquinoxContainerAdaptor::invalidateWiring (186 bytes)
Event: 4021.079 Thread 0x0000000013c2c000 nmethod 18543 0x0000000004716a90 code [0x0000000004716e60, 0x00000000047197f8]
Event: 4021.079 Thread 0x0000000013c2c000 18544   !   3       org.eclipse.osgi.storage.BundleInfo$Generation::clearManifestCache (30 bytes)
Event: 4021.080 Thread 0x0000000013c2c000 nmethod 18544 0x0000000003c6a550 code [0x0000000003c6a6e0, 0x0000000003c6ad28]
Event: 4021.082 Thread 0x0000000013c2c000 18545       3       org.eclipse.osgi.container.ModuleWiring::invalidate0 (52 bytes)
Event: 4021.083 Thread 0x0000000013c2c000 nmethod 18545 0x0000000004f7ee90 code [0x0000000004f7f040, 0x0000000004f7f9e8]
Event: 4021.083 Thread 0x0000000013c2c000 18547  s    3       java.util.Hashtable::clear (38 bytes)
Event: 4021.084 Thread 0x0000000013c2c000 nmethod 18547 0x0000000002a79590 code [0x0000000002a79700, 0x0000000002a79bd0]
Event: 4021.084 Thread 0x0000000013c2c000 18546       3       org.eclipse.osgi.internal.framework.EquinoxContainerAdaptor::clearManifestCache (84 bytes)
Event: 4021.085 Thread 0x0000000013c2c000 nmethod 18546 0x0000000005bb8290 code [0x0000000005bb84e0, 0x0000000005bb9bf8]

GC Heap History (10 events):
Event: 3890.436 GC heap before
{Heap before GC invocations=150 (full 66):
 PSYoungGen      total 100864K, used 128K [0x00000000f5580000, 0x00000000fba00000, 0x0000000100000000)
  eden space 99840K, 0% used [0x00000000f5580000,0x00000000f5580000,0x00000000fb700000)
  from space 1024K, 12% used [0x00000000fb900000,0x00000000fb920000,0x00000000fba00000)
  to   space 1536K, 0% used [0x00000000fb700000,0x00000000fb700000,0x00000000fb880000)
 ParOldGen       total 113152K, used 50455K [0x00000000e0000000, 0x00000000e6e80000, 0x00000000f5580000)
  object space 113152K, 44% used [0x00000000e0000000,0x00000000e3145fe8,0x00000000e6e80000)
 Metaspace       used 96685K, capacity 104038K, committed 104216K, reserved 1140736K
  class space    used 11375K, capacity 13526K, committed 13608K, reserved 1048576K
Event: 3890.574 GC heap after
Heap after GC invocations=150 (full 66):
 PSYoungGen      total 100864K, used 0K [0x00000000f5580000, 0x00000000fba00000, 0x0000000100000000)
  eden space 99840K, 0% used [0x00000000f5580000,0x00000000f5580000,0x00000000fb700000)
  from space 1024K, 0% used [0x00000000fb900000,0x00000000fb900000,0x00000000fba00000)
  to   space 1536K, 0% used [0x00000000fb700000,0x00000000fb700000,0x00000000fb880000)
 ParOldGen       total 113152K, used 50457K [0x00000000e0000000, 0x00000000e6e80000, 0x00000000f5580000)
  object space 113152K, 44% used [0x00000000e0000000,0x00000000e3146408,0x00000000e6e80000)
 Metaspace       used 96685K, capacity 104038K, committed 104216K, reserved 1140736K
  class space    used 11375K, capacity 13526K, committed 13608K, reserved 1048576K
}
Event: 3950.427 GC heap before
{Heap before GC invocations=151 (full 66):
 PSYoungGen      total 100864K, used 8173K [0x00000000f5580000, 0x00000000fba00000, 0x0000000100000000)
  eden space 99840K, 8% used [0x00000000f5580000,0x00000000f5d7b588,0x00000000fb700000)
  from space 1024K, 0% used [0x00000000fb900000,0x00000000fb900000,0x00000000fba00000)
  to   space 1536K, 0% used [0x00000000fb700000,0x00000000fb700000,0x00000000fb880000)
 ParOldGen       total 113152K, used 50457K [0x00000000e0000000, 0x00000000e6e80000, 0x00000000f5580000)
  object space 113152K, 44% used [0x00000000e0000000,0x00000000e3146408,0x00000000e6e80000)
 Metaspace       used 96693K, capacity 104038K, committed 104216K, reserved 1140736K
  class space    used 11375K, capacity 13526K, committed 13608K, reserved 1048576K
Event: 3950.430 GC heap after
Heap after GC invocations=151 (full 66):
 PSYoungGen      total 101376K, used 512K [0x00000000f5580000, 0x00000000fba00000, 0x0000000100000000)
  eden space 99840K, 0% used [0x00000000f5580000,0x00000000f5580000,0x00000000fb700000)
  from space 1536K, 33% used [0x00000000fb700000,0x00000000fb780000,0x00000000fb880000)
  to   space 1536K, 0% used [0x00000000fb880000,0x00000000fb880000,0x00000000fba00000)
 ParOldGen       total 113152K, used 50457K [0x00000000e0000000, 0x00000000e6e80000, 0x00000000f5580000)
  object space 113152K, 44% used [0x00000000e0000000,0x00000000e3146408,0x00000000e6e80000)
 Metaspace       used 96693K, capacity 104038K, committed 104216K, reserved 1140736K
  class space    used 11375K, capacity 13526K, committed 13608K, reserved 1048576K
}
Event: 3950.430 GC heap before
{Heap before GC invocations=152 (full 67):
 PSYoungGen      total 101376K, used 512K [0x00000000f5580000, 0x00000000fba00000, 0x0000000100000000)
  eden space 99840K, 0% used [0x00000000f5580000,0x00000000f5580000,0x00000000fb700000)
  from space 1536K, 33% used [0x00000000fb700000,0x00000000fb780000,0x00000000fb880000)
  to   space 1536K, 0% used [0x00000000fb880000,0x00000000fb880000,0x00000000fba00000)
 ParOldGen       total 113152K, used 50457K [0x00000000e0000000, 0x00000000e6e80000, 0x00000000f5580000)
  object space 113152K, 44% used [0x00000000e0000000,0x00000000e3146408,0x00000000e6e80000)
 Metaspace       used 96693K, capacity 104038K, committed 104216K, reserved 1140736K
  class space    used 11375K, capacity 13526K, committed 13608K, reserved 1048576K
Event: 3950.573 GC heap after
Heap after GC invocations=152 (full 67):
 PSYoungGen      total 101376K, used 0K [0x00000000f5580000, 0x00000000fba00000, 0x0000000100000000)
  eden space 99840K, 0% used [0x00000000f5580000,0x00000000f5580000,0x00000000fb700000)
  from space 1536K, 0% used [0x00000000fb700000,0x00000000fb700000,0x00000000fb880000)
  to   space 1536K, 0% used [0x00000000fb880000,0x00000000fb880000,0x00000000fba00000)
 ParOldGen       total 113152K, used 50613K [0x00000000e0000000, 0x00000000e6e80000, 0x00000000f5580000)
  object space 113152K, 44% used [0x00000000e0000000,0x00000000e316d768,0x00000000e6e80000)
 Metaspace       used 96693K, capacity 104038K, committed 104216K, reserved 1140736K
  class space    used 11375K, capacity 13526K, committed 13608K, reserved 1048576K
}
Event: 4010.440 GC heap before
{Heap before GC invocations=153 (full 67):
 PSYoungGen      total 101376K, used 4321K [0x00000000f5580000, 0x00000000fba00000, 0x0000000100000000)
  eden space 99840K, 4% used [0x00000000f5580000,0x00000000f59b8768,0x00000000fb700000)
  from space 1536K, 0% used [0x00000000fb700000,0x00000000fb700000,0x00000000fb880000)
  to   space 1536K, 0% used [0x00000000fb880000,0x00000000fb880000,0x00000000fba00000)
 ParOldGen       total 113152K, used 50613K [0x00000000e0000000, 0x00000000e6e80000, 0x00000000f5580000)
  object space 113152K, 44% used [0x00000000e0000000,0x00000000e316d768,0x00000000e6e80000)
 Metaspace       used 96701K, capacity 104108K, committed 104472K, reserved 1140736K
  class space    used 11375K, capacity 13527K, committed 13608K, reserved 1048576K
Event: 4010.442 GC heap after
Heap after GC invocations=153 (full 67):
 PSYoungGen      total 101376K, used 160K [0x00000000f5580000, 0x00000000fba00000, 0x0000000100000000)
  eden space 99840K, 0% used [0x00000000f5580000,0x00000000f5580000,0x00000000fb700000)
  from space 1536K, 10% used [0x00000000fb880000,0x00000000fb8a8000,0x00000000fba00000)
  to   space 1536K, 0% used [0x00000000fb700000,0x00000000fb700000,0x00000000fb880000)
 ParOldGen       total 113152K, used 50613K [0x00000000e0000000, 0x00000000e6e80000, 0x00000000f5580000)
  object space 113152K, 44% used [0x00000000e0000000,0x00000000e316d768,0x00000000e6e80000)
 Metaspace       used 96701K, capacity 104108K, committed 104472K, reserved 1140736K
  class space    used 11375K, capacity 13527K, committed 13608K, reserved 1048576K
}
Event: 4010.443 GC heap before
{Heap before GC invocations=154 (full 68):
 PSYoungGen      total 101376K, used 160K [0x00000000f5580000, 0x00000000fba00000, 0x0000000100000000)
  eden space 99840K, 0% used [0x00000000f5580000,0x00000000f5580000,0x00000000fb700000)
  from space 1536K, 10% used [0x00000000fb880000,0x00000000fb8a8000,0x00000000fba00000)
  to   space 1536K, 0% used [0x00000000fb700000,0x00000000fb700000,0x00000000fb880000)
 ParOldGen       total 113152K, used 50613K [0x00000000e0000000, 0x00000000e6e80000, 0x00000000f5580000)
  object space 113152K, 44% used [0x00000000e0000000,0x00000000e316d768,0x00000000e6e80000)
 Metaspace       used 96701K, capacity 104108K, committed 104472K, reserved 1140736K
  class space    used 11375K, capacity 13527K, committed 13608K, reserved 1048576K
Event: 4010.614 GC heap after
Heap after GC invocations=154 (full 68):
 PSYoungGen      total 101376K, used 0K [0x00000000f5580000, 0x00000000fba00000, 0x0000000100000000)
  eden space 99840K, 0% used [0x00000000f5580000,0x00000000f5580000,0x00000000fb700000)
  from space 1536K, 0% used [0x00000000fb880000,0x00000000fb880000,0x00000000fba00000)
  to   space 1536K, 0% used [0x00000000fb700000,0x00000000fb700000,0x00000000fb880000)
 ParOldGen       total 113152K, used 50482K [0x00000000e0000000, 0x00000000e6e80000, 0x00000000f5580000)
  object space 113152K, 44% used [0x00000000e0000000,0x00000000e314ca90,0x00000000e6e80000)
 Metaspace       used 96701K, capacity 104108K, committed 104472K, reserved 1140736K
  class space    used 11375K, capacity 13527K, committed 13608K, reserved 1048576K
}

Deoptimization events (10 events):
Event: 4020.910 Thread 0x0000000015706800 Uncommon trap: reason=unstable_if action=reinterpret pc=0x00000000032b3404 method=org.eclipse.osgi.internal.hooks.EclipseLazyStarter.shouldActivateFor(Ljava/lang/String;Lorg/eclipse/osgi/container/Module;Lorg/eclipse/osgi/container/ModuleRevision;Lorg/ecli⁄$cŸiØ@
Event: 4020.925 Thread 0x0000000015706800 Uncommon trap: reason=class_check action=maybe_recompile pc=0x000000000400ee2c method=org.eclipse.swt.widgets.Display.asyncExec(Ljava/lang/Runnable;)V @ 23
Event: 4020.925 Thread 0x0000000015706800 Uncommon trap: reason=class_check action=maybe_recompile pc=0x000000000400ee2c method=org.eclipse.swt.widgets.Display.asyncExec(Ljava/lang/Runnable;)V @ 23
Event: 4020.960 Thread 0x0000000015706800 Uncommon trap: reason=unstable_if action=reinterpret pc=0x0000000005662768 method=org.eclipse.core.internal.dtree.AbstractDataTreeNode.assembleWith([Lorg/eclipse/core/internal/dtree/AbstractDataTreeNode;[Lorg/eclipse/core/internal/dtree/AbstractDataTreeNodÍ◊ÅhÏiØ@
Event: 4020.962 Thread 0x0000000015706800 Uncommon trap: reason=bimorphic action=maybe_recompile pc=0x0000000002fff3c0 method=org.eclipse.core.internal.resources.Resource.checkLocal(II)V @ 3
Event: 4021.006 Thread 0x0000000015703800 Uncommon trap: reason=unstable_if action=reinterpret pc=0x0000000004dc6870 method=org.eclipse.core.internal.jobs.JobManager.nextJob()Lorg/eclipse/core/runtime/jobs/Job; @ 80
Event: 4021.006 Thread 0x0000000015703800 Uncommon trap: reason=unstable_if action=reinterpret pc=0x00000000058d00a4 method=org.eclipse.core.internal.jobs.WorkerPool.startJob(Lorg/eclipse/core/internal/jobs/Worker;)Lorg/eclipse/core/internal/jobs/InternalJob; @ 177
Event: 4021.007 Thread 0x0000000015705000 Uncommon trap: reason=unstable_if action=reinterpret pc=0x00000000058d00a4 method=org.eclipse.core.internal.jobs.WorkerPool.startJob(Lorg/eclipse/core/internal/jobs/Worker;)Lorg/eclipse/core/internal/jobs/InternalJob; @ 177
Event: 4021.007 Thread 0x00000000156fd000 Uncommon trap: reason=unstable_if action=reinterpret pc=0x00000000058d00a4 method=org.eclipse.core.internal.jobs.WorkerPool.startJob(Lorg/eclipse/core/internal/jobs/Worker;)Lorg/eclipse/core/internal/jobs/InternalJob; @ 177
Event: 4021.009 Thread 0x00000000156ff000 Uncommon trap: reason=unstable_if action=reinterpret pc=0x00000000058d00a4 method=org.eclipse.core.internal.jobs.WorkerPool.startJob(Lorg/eclipse/core/internal/jobs/Worker;)Lorg/eclipse/core/internal/jobs/InternalJob; @ 177

Internal exceptions (10 events):
Event: 4020.068 Thread 0x00000000027fe000 Exception <a 'java/io/FileNotFoundException'> (0x00000000f74942f0) thrown at [C:\re\workspace\8-2-build-windows-amd64-cygwin\jdk8u66\5298\hotspot\src\share\vm\prims\jni.cpp, line 709]
Event: 4020.068 Thread 0x00000000027fe000 Exception <a 'java/io/FileNotFoundException'> (0x00000000f74960c0) thrown at [C:\re\workspace\8-2-build-windows-amd64-cygwin\jdk8u66\5298\hotspot\src\share\vm\prims\jni.cpp, line 709]
Event: 4020.069 Thread 0x00000000027fe000 Exception <a 'java/io/FileNotFoundException'> (0x00000000f7497e98) thrown at [C:\re\workspace\8-2-build-windows-amd64-cygwin\jdk8u66\5298\hotspot\src\share\vm\prims\jni.cpp, line 709]
Event: 4020.069 Thread 0x00000000027fe000 Exception <a 'java/io/FileNotFoundException'> (0x00000000f7499dc0) thrown at [C:\re\workspace\8-2-build-windows-amd64-cygwin\jdk8u66\5298\hotspot\src\share\vm\prims\jni.cpp, line 709]
Event: 4020.178 Thread 0x000000001a004000 Exception <a 'java/lang/InterruptedException'> (0x00000000f79704e0) thrown at [C:\re\workspace\8-2-build-windows-amd64-cygwin\jdk8u66\5298\hotspot\src\share\vm\runtime\objectMonitor.cpp, line 1683]
Event: 4020.207 Thread 0x0000000015706800 Implicit null exception at 0x00000000053a2745 to 0x00000000053a3d42
Event: 4021.002 Thread 0x0000000019f2f800 Exception <a 'java/lang/InterruptedException'> (0x00000000f74b5f20) thrown at [C:\re\workspace\8-2-build-windows-amd64-cygwin\jdk8u66\5298\hotspot\src\share\vm\runtime\objectMonitor.cpp, line 1683]
Event: 4021.049 Thread 0x00000000160c4800 Exception <a 'java/lang/InterruptedException'> (0x00000000f7d199d0) thrown at [C:\re\workspace\8-2-build-windows-amd64-cygwin\jdk8u66\5298\hotspot\src\share\vm\runtime\objectMonitor.cpp, line 1683]
Event: 4021.066 Thread 0x0000000019f30800 Exception <a 'java/lang/InterruptedException'> (0x00000000f6f51bb8) thrown at [C:\re\workspace\8-2-build-windows-amd64-cygwin\jdk8u66\5298\hotspot\src\share\vm\runtime\objectMonitor.cpp, line 1683]
Event: 4021.068 Thread 0x000000001646f000 Exception <a 'java/lang/InterruptedException'> (0x00000000f7ef91d8) thrown at [C:\re\workspace\8-2-build-windows-amd64-cygwin\jdk8u66\5298\hotspot\src\share\vm\runtime\objectMonitor.cpp, line 1683]

Events (10 events):
Event: 4021.085 Thread 0x0000000015706800 Thread exited: 0x0000000015706800
Event: 4021.085 loading class java/util/IdentityHashMap$KeySet
Event: 4021.086 loading class java/util/IdentityHashMap$KeySet done
Event: 4021.086 loading class java/util/IdentityHashMap$KeyIterator
Event: 4021.086 loading class java/util/IdentityHashMap$IdentityHashMapIterator
Event: 4021.086 loading class java/util/IdentityHashMap$IdentityHashMapIterator done
Event: 4021.086 loading class java/util/IdentityHashMap$KeyIterator done
Event: 4021.086 Thread 0x0000000015700800 Thread added: 0x0000000015700800
Event: 4021.089 Thread 0x0000000015700800 Thread exited: 0x0000000015700800
Event: 4021.090 Executing VM operation: Exit


Dynamic libraries:
0x0000000000400000 - 0x000000000044f000 	C:\Xilinx\SDK\2016.4\eclipse\win64.o\eclipse.exe
0x00007ffccfde0000 - 0x00007ffccffbb000 	C:\WINDOWS\SYSTEM32\ntdll.dll
0x00007ffccfd30000 - 0x00007ffccfdde000 	C:\WINDOWS\System32\KERNEL32.DLL
0x00007ffccc4d0000 - 0x00007ffccc719000 	C:\WINDOWS\System32\KERNELBASE.dll
0x00007ffcca820000 - 0x00007ffcca89e000 	C:\WINDOWS\SYSTEM32\apphelp.dll
0x00007ffccd950000 - 0x00007ffccda9a000 	C:\WINDOWS\System32\USER32.dll
0x00007ffccc7c0000 - 0x00007ffccc7de000 	C:\WINDOWS\System32\win32u.dll
0x00007ffccd340000 - 0x00007ffccd367000 	C:\WINDOWS\System32\GDI32.dll
0x00007ffccc7e0000 - 0x00007ffccc969000 	C:\WINDOWS\System32\gdi32full.dll
0x00007ffccc720000 - 0x00007ffccc7ba000 	C:\WINDOWS\System32\msvcp_win.dll
0x00007ffccd240000 - 0x00007ffccd336000 	C:\WINDOWS\System32\ucrtbase.dll
0x00007ffccf800000 - 0x00007ffccf89d000 	C:\WINDOWS\System32\msvcrt.dll
0x00007ffcc25b0000 - 0x00007ffcc2817000 	C:\WINDOWS\WinSxS\amd64_microsoft.windows.common-controls_6595b64144ccf1df_6.0.15063.0_none_108e4f62dfe5d999\COMCTL32.dll
0x00007ffccfa10000 - 0x00007ffccfd09000 	C:\WINDOWS\System32\combase.dll
0x00007ffccd820000 - 0x00007ffccd945000 	C:\WINDOWS\System32\RPCRT4.dll
0x00007ffccc970000 - 0x00007ffccc9da000 	C:\WINDOWS\System32\bcryptPrimitives.dll
0x00007ffccdb20000 - 0x00007ffccdb4d000 	C:\WINDOWS\System32\IMM32.DLL
0x0000000072000000 - 0x0000000072012000 	C:\Xilinx\SDK\2016.4\eclipse\win64.o\plugins\org.eclipse.equinox.launcher.win32.win32.x86_64_1.1.300.v20150602-1417\eclipse_1611.dll
0x00007ffccd500000 - 0x00007ffccd5a1000 	C:\WINDOWS\System32\ADVAPI32.dll
0x00007ffccf7a0000 - 0x00007ffccf7f9000 	C:\WINDOWS\System32\sechost.dll
0x00007ffcc8630000 - 0x00007ffcc863a000 	C:\WINDOWS\SYSTEM32\VERSION.dll
0x00007ffcca960000 - 0x00007ffcca9f5000 	C:\WINDOWS\system32\uxtheme.dll
0x00007ffccf8a0000 - 0x00007ffccfa06000 	C:\WINDOWS\System32\MSCTF.dll
0x00007ffccf6e0000 - 0x00007ffccf79f000 	C:\WINDOWS\System32\OLEAUT32.dll
0x00000000760a0000 - 0x0000000076929000 	C:\Xilinx\SDK\2016.4\tps\win64\jre\bin\server\jvm.dll
0x00007ffccd670000 - 0x00007ffccd678000 	C:\WINDOWS\System32\PSAPI.DLL
0x00007ffcc4830000 - 0x00007ffcc4853000 	C:\WINDOWS\SYSTEM32\WINMM.dll
0x00007ffcc3a00000 - 0x00007ffcc3a09000 	C:\WINDOWS\SYSTEM32\WSOCK32.dll
0x0000000076ce0000 - 0x0000000076db2000 	C:\WINDOWS\SYSTEM32\MSVCR100.dll
0x00007ffccd370000 - 0x00007ffccd3dc000 	C:\WINDOWS\System32\WS2_32.dll
0x00007ffcc4800000 - 0x00007ffcc482b000 	C:\WINDOWS\SYSTEM32\winmmbase.dll
0x00007ffccd190000 - 0x00007ffccd1d9000 	C:\WINDOWS\System32\cfgmgr32.dll
0x0000000075f60000 - 0x0000000075f6f000 	C:\Xilinx\SDK\2016.4\tps\win64\jre\bin\verify.dll
0x0000000075f30000 - 0x0000000075f59000 	C:\Xilinx\SDK\2016.4\tps\win64\jre\bin\java.dll
0x0000000075f10000 - 0x0000000075f26000 	C:\Xilinx\SDK\2016.4\tps\win64\jre\bin\zip.dll
0x00007ffcce2a0000 - 0x00007ffccf6d7000 	C:\WINDOWS\System32\SHELL32.dll
0x00007ffccdb50000 - 0x00007ffccdbfa000 	C:\WINDOWS\System32\shcore.dll
0x00007ffccc9e0000 - 0x00007ffccd0d2000 	C:\WINDOWS\System32\windows.storage.dll
0x00007ffccd610000 - 0x00007ffccd661000 	C:\WINDOWS\System32\shlwapi.dll
0x00007ffccc2e0000 - 0x00007ffccc2f1000 	C:\WINDOWS\System32\kernel.appcore.dll
0x00007ffccc290000 - 0x00007ffccc2dc000 	C:\WINDOWS\System32\powrprof.dll
0x00007ffccc270000 - 0x00007ffccc285000 	C:\WINDOWS\System32\profapi.dll
0x00007ffccbd00000 - 0x00007ffccbd17000 	C:\WINDOWS\SYSTEM32\CRYPTSP.dll
0x00007ffccb780000 - 0x00007ffccb7b4000 	C:\WINDOWS\system32\rsaenh.dll
0x00007ffccbe10000 - 0x00007ffccbe35000 	C:\WINDOWS\SYSTEM32\bcrypt.dll
0x00007ffccc150000 - 0x00007ffccc179000 	C:\WINDOWS\SYSTEM32\USERENV.dll
0x00007ffccbd20000 - 0x00007ffccbd2b000 	C:\WINDOWS\SYSTEM32\CRYPTBASE.dll
0x0000000075ef0000 - 0x0000000075f0a000 	C:\Xilinx\SDK\2016.4\tps\win64\jre\bin\net.dll
0x00007ffccbb60000 - 0x00007ffccbbbc000 	C:\WINDOWS\system32\mswsock.dll
0x00007ffccb900000 - 0x00007ffccb937000 	C:\WINDOWS\SYSTEM32\IPHLPAPI.DLL
0x00007ffccddf0000 - 0x00007ffccddf8000 	C:\WINDOWS\System32\NSI.dll
0x00007ffcc69b0000 - 0x00007ffcc69c6000 	C:\WINDOWS\SYSTEM32\dhcpcsvc6.DLL
0x00007ffcc6d30000 - 0x00007ffcc6d4a000 	C:\WINDOWS\SYSTEM32\dhcpcsvc.DLL
0x0000000075ed0000 - 0x0000000075ee1000 	C:\Xilinx\SDK\2016.4\tps\win64\jre\bin\nio.dll
0x00007ffcc7f20000 - 0x00007ffcc7fa2000 	C:\WINDOWS\System32\TextInputFramework.dll
0x00007ffcca200000 - 0x00007ffcca2e3000 	C:\WINDOWS\System32\CoreMessaging.dll
0x00007ffcb8860000 - 0x00007ffcb8b32000 	C:\WINDOWS\System32\CoreUIComponents.dll
0x00007ffcc8fd0000 - 0x00007ffcc9109000 	C:\WINDOWS\SYSTEM32\wintypes.dll
0x00007ffccb5b0000 - 0x00007ffccb5e1000 	C:\WINDOWS\SYSTEM32\ntmarta.dll
0x00007ffcc9200000 - 0x00007ffcc9215000 	C:\WINDOWS\SYSTEM32\usermgrcli.dll
0x00007ffcc1c20000 - 0x00007ffcc1c4a000 	C:\WINDOWS\system32\dwmapi.dll
0x00007ffcb8dd0000 - 0x00007ffcb8de6000 	C:\WINDOWS\system32\napinsp.dll
0x00007ffcb7bf0000 - 0x00007ffcb7c0a000 	C:\WINDOWS\system32\pnrpnsp.dll
0x00007ffcc9330000 - 0x00007ffcc9348000 	C:\WINDOWS\system32\NLAapi.dll
0x00007ffccb940000 - 0x00007ffccb9e4000 	C:\WINDOWS\SYSTEM32\DNSAPI.dll
0x00007ffcb7b80000 - 0x00007ffcb7b8e000 	C:\WINDOWS\System32\winrnr.dll
0x00007ffcb7b10000 - 0x00007ffcb7b25000 	C:\WINDOWS\System32\wshbth.dll
0x00007ffcc4ff0000 - 0x00007ffcc4ffa000 	C:\Windows\System32\rasadhlp.dll
0x00007ffcc5df0000 - 0x00007ffcc5e5b000 	C:\WINDOWS\System32\fwpuclnt.dll
0x0000000018770000 - 0x0000000018818000 	C:\Users\freespace\.Xilinx\SDK\2016.4\org.eclipse.osgi\319\0\.cp\swt-win32-4527.dll
0x00007ffccdc00000 - 0x00007ffccdd45000 	C:\WINDOWS\System32\ole32.dll
0x00007ffccd3e0000 - 0x00007ffccd4e8000 	C:\WINDOWS\System32\comdlg32.dll
0x00007ffccc300000 - 0x00007ffccc4c9000 	C:\WINDOWS\System32\CRYPT32.dll
0x00007ffccc250000 - 0x00007ffccc261000 	C:\WINDOWS\System32\MSASN1.dll
0x00007ffcc2520000 - 0x00007ffcc25aa000 	C:\WINDOWS\SYSTEM32\WINSPOOL.DRV
0x00007ffcc94e0000 - 0x00007ffcc94f9000 	C:\WINDOWS\SYSTEM32\USP10.dll
0x00007ffcc18f0000 - 0x00007ffcc1c1e000 	C:\WINDOWS\SYSTEM32\WININET.dll
0x00007ffcc6db0000 - 0x00007ffcc6f46000 	C:\WINDOWS\SYSTEM32\propsys.dll
0x00007ffccdd50000 - 0x00007ffccddee000 	C:\WINDOWS\System32\clbcatq.dll
0x0000000018d70000 - 0x0000000018d8e000 	C:\Users\freespace\.Xilinx\SDK\2016.4\org.eclipse.osgi\319\0\.cp\swt-gdip-win32-4527.dll
0x00007ffcc21b0000 - 0x00007ffcc2345000 	C:\WINDOWS\WinSxS\amd64_microsoft.windows.gdiplus_6595b64144ccf1df_1.1.15063.0_none_9055be80f37df5c1\gdiplus.dll
0x00007ffcc04f0000 - 0x00007ffcc069c000 	C:\WINDOWS\SYSTEM32\WindowsCodecs.dll
0x0000000180000000 - 0x0000000180012000 	C:\Users\freespace\.Xilinx\SDK\2016.4\org.eclipse.osgi\133\0\.cp\os\win32\x86_64\localfile_1_0_0.dll
0x00007ffcc1880000 - 0x00007ffcc18eb000 	C:\WINDOWS\SYSTEM32\oleacc.dll
0x00007ffcc2920000 - 0x00007ffcc2927000 	C:\WINDOWS\SYSTEM32\msimg32.dll
0x00007ffc9e710000 - 0x00007ffc9e721000 	C:\Users\freespace\.Xilinx\SDK\2016.4\org.eclipse.osgi\136\0\.cp\jWinHttp-1.0.0.dll
0x00007ffcc59e0000 - 0x00007ffcc5ab7000 	C:\WINDOWS\SYSTEM32\WINHTTP.dll
0x00007ffcbc3b0000 - 0x00007ffcbc3bf000 	C:\Xilinx\SDK\2016.4\lib\win64.o\librdi_repo_manager.dll
0x00007ffca0530000 - 0x00007ffca055a000 	C:\Xilinx\SDK\2016.4\lib\win64.o\libisl_sysinfo.dll
0x00007ffc5e640000 - 0x00007ffc5f0ea000 	C:\Xilinx\SDK\2016.4\lib\win64.o\librdi_common.dll
0x00007ffc9edb0000 - 0x00007ffc9ee03000 	C:\Xilinx\SDK\2016.4\lib\win64.o\librdi_commonxillic.dll
0x00007ffcc2360000 - 0x00007ffcc2407000 	C:\WINDOWS\SYSTEM32\MSVCP110.dll
0x00007ffcc2440000 - 0x00007ffcc2514000 	C:\WINDOWS\SYSTEM32\MSVCR110.dll
0x00007ffc5e2d0000 - 0x00007ffc5e63e000 	C:\Xilinx\SDK\2016.4\lib\win64.o\libCOIN-all.dll
0x00007ffcc50a0000 - 0x00007ffcc50b0000 	C:\Xilinx\SDK\2016.4\lib\win64.o\libboost_date_time.dll
0x00007ffcab240000 - 0x00007ffcab264000 	C:\Xilinx\SDK\2016.4\lib\win64.o\libboost_filesystem.dll
0x00007ffc98540000 - 0x00007ffc985b7000 	C:\Xilinx\SDK\2016.4\lib\win64.o\libboost_program_options.dll
0x00007ffc6b820000 - 0x00007ffc6ba3f000 	C:\Xilinx\SDK\2016.4\lib\win64.o\libXil_lmgr11.dll
0x00007ffccd1e0000 - 0x00007ffccd236000 	C:\WINDOWS\System32\WINTRUST.dll
0x00007ffc94dd0000 - 0x00007ffc94ed6000 	C:\Xilinx\SDK\2016.4\lib\win64.o\libboost_regex.dll
0x00007ffca8c00000 - 0x00007ffca8c13000 	C:\Xilinx\SDK\2016.4\lib\win64.o\libboost_signals.dll
0x00007ffcc9450000 - 0x00007ffcc9459000 	C:\Xilinx\SDK\2016.4\lib\win64.o\libboost_system.dll
0x00007ffcc4490000 - 0x00007ffcc449b000 	C:\Xilinx\SDK\2016.4\lib\win64.o\libboost_xilinx.dll
0x00007ffca8be0000 - 0x00007ffca8bfd000 	C:\Xilinx\SDK\2016.4\lib\win64.o\libboost_thread.dll
0x00007ffc95e50000 - 0x00007ffc95eea000 	C:\Xilinx\SDK\2016.4\lib\win64.o\libhdxml.dll
0x00007ffc97780000 - 0x00007ffc97800000 	C:\Xilinx\SDK\2016.4\lib\win64.o\libhdlpsolve.dll
0x00007ffc5f0f0000 - 0x00007ffc5f4b9000 	C:\Xilinx\SDK\2016.4\lib\win64.o\libisl_iostreams.dll
0x00007ffcb6840000 - 0x00007ffcb6855000 	C:\Xilinx\SDK\2016.4\lib\win64.o\pthreadVC2.dll
0x00007ffc94950000 - 0x00007ffc94a80000 	C:\Xilinx\SDK\2016.4\lib\win64.o\librdi_curl.dll
0x00007ffca77a0000 - 0x00007ffca77b8000 	C:\Xilinx\SDK\2016.4\lib\win64.o\librdiconfig.dll
0x00007ffca0510000 - 0x00007ffca052f000 	C:\Xilinx\SDK\2016.4\lib\win64.o\librdizlib.dll
0x0000000075f70000 - 0x0000000076097000 	C:\Xilinx\SDK\2016.4\lib\win64.o\tcl85t.dll
0x00007ffcc0700000 - 0x00007ffcc08c8000 	C:\WINDOWS\SYSTEM32\urlmon.dll
0x00007ffc94220000 - 0x00007ffc94243000 	C:\WINDOWS\SYSTEM32\VCOMP110.DLL
0x00007ffcbd290000 - 0x00007ffcbd2a7000 	C:\WINDOWS\SYSTEM32\NETAPI32.dll
0x00007ffcc5000000 - 0x00007ffcc500b000 	C:\Xilinx\SDK\2016.4\lib\win64.o\libboost_chrono.dll
0x00007ffca7d10000 - 0x00007ffca7d26000 	C:\Xilinx\SDK\2016.4\lib\win64.o\libboost_iostreams.dll
0x00007ffcc00e0000 - 0x00007ffcc0366000 	C:\WINDOWS\SYSTEM32\iertutil.dll
0x00007ffc9d130000 - 0x00007ffc9d153000 	C:\Xilinx\SDK\2016.4\lib\win64.o\libisl_iosutils.dll
0x00007ffc5dcb0000 - 0x00007ffc5dea8000 	C:\Xilinx\SDK\2016.4\lib\win64.o\librdi_hsm.dll
0x00007ffc97730000 - 0x00007ffc97773000 	C:\Xilinx\SDK\2016.4\lib\win64.o\librdi_hdf.dll
0x00007ffc5d9e0000 - 0x00007ffc5dca8000 	C:\Xilinx\SDK\2016.4\lib\win64.o\librdi_ippcw.dll
0x0000000025c40000 - 0x0000000025ea3000 	C:\Xilinx\SDK\2016.4\lib\win64.o\xerces-c_3_1.dll
0x00007ffca2610000 - 0x00007ffca2654000 	C:\WINDOWS\SYSTEM32\edputil.dll
0x00007ffcb7e00000 - 0x00007ffcb7e0a000 	C:\Xilinx\SDK\2016.4\lib\win64.o\librdi_jtag_settings.dll
0x00007ffc9ac40000 - 0x00007ffc9ac69000 	C:\Xilinx\SDK\2016.4\lib\win64.o\librdi_debug_dialog.dll
0x00007ffcb7ab0000 - 0x00007ffcb7ab8000 	C:\Xilinx\SDK\2016.4\lib\win64.o\librdi_target_manager.dll
0x00007ffcc4770000 - 0x00007ffcc4786000 	C:\Xilinx\SDK\2016.4\eclipse\win64.o\plugins\org.eclipse.cdt.core.win32.x86_64_5.4.0.201509131935\os\win32\x86_64\spawner.dll

VM Arguments:
jvm_args: -Dcom.xilinx.sdk.args.hwspec=C:/Users/freespace/Desktop/quicksdcard/quicksdcard.sdk/design_1_wrapper.hdf -Xms64m -Xmx512m & 
java_command: <unknown>
java_class_path (initial): C:\Xilinx\SDK\2016.4\eclipse\win64.o\\plugins/org.eclipse.equinox.launcher_1.3.100.v20150511-1540.jar
Launcher Type: generic

Environment Variables:
PATH=C:/Xilinx/SDK/2016.4/tps/win64/jre/bin/server;C:/Xilinx/SDK/2016.4/tps/win64/jre/bin;C:/Xilinx/SDK/2016.4/tps/win64/jre/lib/amd64;C:\Xilinx\SDK\2016.4\gnuwin\bin;C:\Xilinx\SDK\2016.4\gnu\microblaze\nt\bin;C:\Xilinx\SDK\2016.4\gnu\microblaze\linux_toolchain\nt64_le\bin;C:\Xilinx\SDK\2016.4\gnu\microblaze\linux_toolchain\nt64_be\bin;C:\Xilinx\SDK\2016.4\gnu\arm\nt\bin;C:\Xilinx\SDK\2016.4\gnu\aarch64\nt\aarch64-none\bin;C:\Xilinx\SDK\2016.4\gnu\aarch64\nt\aarch64-linux\bin;C:\Xilinx\SDK\2016.4\gnu\armr5\nt\gcc-arm-none-eabi\bin;C:\Xilinx\SDK\2016.4\gnu\aarch32\nt\gcc-arm-none-eabi\bin;C:\Xilinx\SDK\2016.4\gnu\aarch32\nt\gcc-arm-linux-gnueabi\bin;C:\Xilinx\SDK\2016.4\tps\win64\cmake-3.3.2\bin;;C:\Xilinx\SDK\2016.4\bin;C:\Xilinx\SDK\2016.4\lib\win64.o;C:\Xilinx\SDK\2016.4\tps\win64\jre\bin\server;C:\Xilinx\SDK\2016.4\tps\win64\jre\bin;C:\Xilinx\Vivado\2016.4\ids_lite\ISE\bin\nt64;C:\Xilinx\Vivado\2016.4\ids_lite\ISE\lib\nt64;C:\Xilinx\Vivado\2016.4\bin;C:\Xilinx\Vivado\2016.4\lib\win64.o;C:\Xilinx\Vivado\2016.4\tps\win64\jre\bin\server;C:\Xilinx\Vivado\2016.4\tps\win64\jre\bin;C:\Xilinx\Vivado_HLS\2016.4\bin;C:\Program Files\Docker\Docker\Resources\bin;C:\WINDOWS\system32;C:\WINDOWS;C:\WINDOWS\System32\Wbem;C:\WINDOWS\System32\WindowsPowerShell\v1.0\;C:\Program Files\Git\cmd;C:\Program Files (x86)\CodeBlocks\MinGW\bin;C:\Program Files (x86)\Vim\vimfiles;C:\ProgramData\Oracle\Java\javapath;C:\Program Files (x86)\Vim\vim80;C:\Users\freespace\AppData\Local\Programs\Python\Python36-32;;C:\Program Files (x86)\NVIDIA Corporation\PhysX\Common;C:\Program Files\nodejs\;c:\Program Files\Intel\WiFi\bin\;c:\Program Files\Common Files\Intel\WirelessCommon\;C:\Program Files\PuTTY\;C:\Users\freespace\AppData\Local\Microsoft\WindowsApps;C:\Users\freespace\AppData\Local\atom\bin;C:\Users\freespace\AppData\Roaming\npm;c:\Users\freespace\Desktop\quicksdcard;
USERNAME=freespace
OS=Windows_NT
PROCESSOR_IDENTIFIER=Intel64 Family 6 Model 78 Stepping 3, GenuineIntel



---------------  S Y S T E M  ---------------

OS: Windows 10.0 , 64 bit Build 15063 (10.0.15063.296)

CPU:total 4 (2 cores per cpu, 2 threads per core) family 6 model 78 stepping 3, cmov, cx8, fxsr, mmx, sse, sse2, sse3, ssse3, sse4.1, sse4.2, popcnt, avx, avx2, aes, clmul, erms, 3dnowpref, lzcnt, ht, tsc, tscinvbit, bmi1, bmi2, adx

Memory: 4k page, physical 8275880k(4624332k free), swap 10897320k(6535852k free)

vm_info: Java HotSpot(TM) 64-Bit Server VM (25.66-b18) for windows-amd64 JRE (1.8.0_66-b18), built on Nov  9 2015 10:51:13 by "java_re" with MS VC++ 10.0 (VS2010)

time: Tue May 23 17:31:11 2017
elapsed time: 4032 seconds (0d 1h 7m 12s)

