#-----------------------------------------------------------
# Vivado v2016.4 (64-bit)
# SW Build 1756540 on Mon Jan 23 19:11:23 MST 2017
# IP Build 1755317 on Mon Jan 23 20:30:07 MST 2017
# Start of session at: Wed May 24 03:07:37 2017
# Process ID: 5552
# Current directory: C:/Users/freespace/Desktop/project_final/quicksdcard
# Command line: vivado.exe -gui_launcher_event rodinguilauncherevent7352 C:\Users\freespace\Desktop\project_final\quicksdcard\quicksdcard.xpr
# Log file: C:/Users/freespace/Desktop/project_final/quicksdcard/vivado.log
# Journal file: C:/Users/freespace/Desktop/project_final/quicksdcard\vivado.jou
#-----------------------------------------------------------
start_gui
open_project C:/Users/freespace/Desktop/project_final/quicksdcard/quicksdcard.xpr
INFO: [Project 1-313] Project file moved from 'C:/Users/freespace/Desktop/quicksdcard' since last save.
Scanning sources...
Finished scanning sources
WARNING: [filemgmt 56-2] IP Repository Path: Could not find the directory 'C:/Users/freespace/Desktop/project_final/UartToVga/UartToVga.ipdefs/lab8mat_0/vga_test_0_1', nor could it be found using path 'C:/Users/freespace/Desktop/UartToVga/UartToVga.ipdefs/lab8mat_0/vga_test_0_1'.
WARNING: [filemgmt 56-2] IP Repository Path: Could not find the directory 'C:/Users/freespace/Desktop/project_final/UartToVga', nor could it be found using path 'C:/Users/freespace/Desktop/UartToVga'.
INFO: [IP_Flow 19-234] Refreshing IP repositories
INFO: [IP_Flow 19-1700] Loaded user IP repository 'c:/Users/freespace/Desktop/project_final/myvga_1.0'.
WARNING: [IP_Flow 19-3685] Ignored loading user repository 'c:/Users/freespace/Desktop/project_final/UartToVga/UartToVga.ipdefs/lab8mat_0/vga_test_0_1'. The path is contained within another repository.
WARNING: [IP_Flow 19-2248] Failed to load user IP repository 'c:/Users/freespace/Desktop/project_final/UartToVga'; Can't find the specified path.
If this directory should no longer be in your list of user repositories, go to the IP Settings dialog and remove it.
INFO: [IP_Flow 19-2313] Loaded Vivado IP repository 'C:/Xilinx/Vivado/2016.4/data/ip'.
open_project: Time (s): cpu = 00:00:23 ; elapsed = 00:00:14 . Memory (MB): peak = 819.137 ; gain = 166.297
set_property  ip_repo_paths  c:/Users/freespace/Desktop/project_final/myvga_1.0 [current_project]
update_ip_catalog
INFO: [IP_Flow 19-234] Refreshing IP repositories
INFO: [IP_Flow 19-1700] Loaded user IP repository 'c:/Users/freespace/Desktop/project_final/myvga_1.0'.
file copy -force C:/Users/freespace/Desktop/project_final/quicksdcard/quicksdcard.runs/impl_1/design_1_wrapper.sysdef C:/Users/freespace/Desktop/project_final/quicksdcard/quicksdcard.sdk/design_1_wrapper.hdf

launch_sdk -workspace C:/Users/freespace/Desktop/project_final/quicksdcard/quicksdcard.sdk -hwspec C:/Users/freespace/Desktop/project_final/quicksdcard/quicksdcard.sdk/design_1_wrapper.hdf
INFO: [Vivado 12-393] Launching SDK...
INFO: [Vivado 12-417] Running xsdk -workspace C:/Users/freespace/Desktop/project_final/quicksdcard/quicksdcard.sdk -hwspec C:/Users/freespace/Desktop/project_final/quicksdcard/quicksdcard.sdk/design_1_wrapper.hdf
INFO: [Vivado 12-3157] SDK launch initiated. Please check console for any further messages.
