#-----------------------------------------------------------
# Vivado v2016.4 (64-bit)
# SW Build 1756540 on Mon Jan 23 19:11:23 MST 2017
# IP Build 1755317 on Mon Jan 23 20:30:07 MST 2017
# Start of session at: Tue May 23 22:59:36 2017
# Process ID: 6972
# Current directory: C:/Users/freespace/Desktop/quicksdcard
# Command line: vivado.exe -gui_launcher_event rodinguilauncherevent6528 C:\Users\freespace\Desktop\quicksdcard\quicksdcard.xpr
# Log file: C:/Users/freespace/Desktop/quicksdcard/vivado.log
# Journal file: C:/Users/freespace/Desktop/quicksdcard\vivado.jou
#-----------------------------------------------------------
start_gui
open_project C:/Users/freespace/Desktop/quicksdcard/quicksdcard.xpr
Scanning sources...
Finished scanning sources
INFO: [IP_Flow 19-234] Refreshing IP repositories
INFO: [IP_Flow 19-1700] Loaded user IP repository 'c:/Users/freespace/Desktop/myvga_1.0'.
WARNING: [IP_Flow 19-3685] Ignored loading user repository 'c:/Users/freespace/Desktop/UartToVga/UartToVga.ipdefs/lab8mat_0/vga_test_0_1'. The path is contained within another repository.
INFO: [IP_Flow 19-1700] Loaded user IP repository 'c:/Users/freespace/Desktop/UartToVga'.
INFO: [IP_Flow 19-2313] Loaded Vivado IP repository 'C:/Xilinx/Vivado/2016.4/data/ip'.
open_project: Time (s): cpu = 00:00:22 ; elapsed = 00:00:17 . Memory (MB): peak = 855.133 ; gain = 193.941
reset_run impl_1 -prev_step 
launch_runs impl_1 -to_step write_bitstream -jobs 2
[Tue May 23 23:00:37 2017] Launched impl_1...
Run output will be captured here: C:/Users/freespace/Desktop/quicksdcard/quicksdcard.runs/impl_1/runme.log
reorder_files -fileset constrs_1 -after C:/Users/freespace/Desktop/quicksdcard/quicksdcard.srcs/constrs_1/new/spi.xdc C:/Users/freespace/Desktop/quicksdcard/quicksdcard.srcs/constrs_1/new/spi.xdc
file copy -force C:/Users/freespace/Desktop/quicksdcard/quicksdcard.runs/impl_1/design_1_wrapper.sysdef C:/Users/freespace/Desktop/quicksdcard/quicksdcard.sdk/design_1_wrapper.hdf

launch_sdk -workspace C:/Users/freespace/Desktop/quicksdcard/quicksdcard.sdk -hwspec C:/Users/freespace/Desktop/quicksdcard/quicksdcard.sdk/design_1_wrapper.hdf
INFO: [Vivado 12-393] Launching SDK...
INFO: [Vivado 12-417] Running xsdk -workspace C:/Users/freespace/Desktop/quicksdcard/quicksdcard.sdk -hwspec C:/Users/freespace/Desktop/quicksdcard/quicksdcard.sdk/design_1_wrapper.hdf
INFO: [Vivado 12-3157] SDK launch initiated. Please check console for any further messages.
exit
INFO: [Common 17-206] Exiting Vivado at Tue May 23 23:22:49 2017...
