
*** Running vivado
    with args -log design_1_lmb_bram_0.vds -m64 -product Vivado -mode batch -messageDb vivado.pb -notrace -source design_1_lmb_bram_0.tcl


****** Vivado v2016.3 (64-bit)
  **** SW Build 1682563 on Mon Oct 10 19:07:26 MDT 2016
  **** IP Build 1681267 on Mon Oct 10 21:28:31 MDT 2016
    ** Copyright 1986-2016 Xilinx, Inc. All Rights Reserved.

source design_1_lmb_bram_0.tcl -notrace
Starting RTL Elaboration : Time (s): cpu = 00:00:07 ; elapsed = 00:00:07 . Memory (MB): peak = 1091.160 ; gain = 180.301 ; free physical = 1766 ; free virtual = 26333
INFO: [Synth 8-638] synthesizing module 'design_1_lmb_bram_0' [/home/catus/quicksdcard/quicksdcard.srcs/sources_1/bd/design_1/ip/design_1_lmb_bram_0/synth/design_1_lmb_bram_0.vhd:78]
INFO: [Synth 8-256] done synthesizing module 'design_1_lmb_bram_0' (11#1) [/home/catus/quicksdcard/quicksdcard.srcs/sources_1/bd/design_1/ip/design_1_lmb_bram_0/synth/design_1_lmb_bram_0.vhd:78]
Finished RTL Elaboration : Time (s): cpu = 00:01:02 ; elapsed = 00:01:02 . Memory (MB): peak = 1292.301 ; gain = 381.441 ; free physical = 1907 ; free virtual = 26548
Finished RTL Optimization Phase 1 : Time (s): cpu = 00:01:02 ; elapsed = 00:01:03 . Memory (MB): peak = 1292.301 ; gain = 381.441 ; free physical = 1901 ; free virtual = 26541
INFO: [Device 21-403] Loading part xc7a35tcpg236-1
Constraint Validation Runtime : Time (s): cpu = 00:00:00.04 ; elapsed = 00:00:00.03 . Memory (MB): peak = 1496.977 ; gain = 0.000 ; free physical = 1536 ; free virtual = 26176
Finished Constraint Validation : Time (s): cpu = 00:01:11 ; elapsed = 00:01:12 . Memory (MB): peak = 1496.977 ; gain = 586.117 ; free physical = 1186 ; free virtual = 25827
Finished Loading Part and Timing Information : Time (s): cpu = 00:01:11 ; elapsed = 00:01:12 . Memory (MB): peak = 1496.977 ; gain = 586.117 ; free physical = 1186 ; free virtual = 25827
Finished applying 'set_property' XDC Constraints : Time (s): cpu = 00:01:11 ; elapsed = 00:01:12 . Memory (MB): peak = 1496.977 ; gain = 586.117 ; free physical = 1186 ; free virtual = 25827
Finished RTL Optimization Phase 2 : Time (s): cpu = 00:01:12 ; elapsed = 00:01:12 . Memory (MB): peak = 1496.977 ; gain = 586.117 ; free physical = 1158 ; free virtual = 25800
Finished Cross Boundary and Area Optimization : Time (s): cpu = 00:01:12 ; elapsed = 00:01:12 . Memory (MB): peak = 1496.977 ; gain = 586.117 ; free physical = 1133 ; free virtual = 25775
Finished Applying XDC Timing Constraints : Time (s): cpu = 00:01:18 ; elapsed = 00:01:19 . Memory (MB): peak = 1496.977 ; gain = 586.117 ; free physical = 773 ; free virtual = 25414
Finished Timing Optimization : Time (s): cpu = 00:01:18 ; elapsed = 00:01:19 . Memory (MB): peak = 1496.977 ; gain = 586.117 ; free physical = 771 ; free virtual = 25412
Finished Technology Mapping : Time (s): cpu = 00:01:18 ; elapsed = 00:01:19 . Memory (MB): peak = 1496.977 ; gain = 586.117 ; free physical = 762 ; free virtual = 25403
Finished IO Insertion : Time (s): cpu = 00:01:19 ; elapsed = 00:01:19 . Memory (MB): peak = 1496.977 ; gain = 586.117 ; free physical = 762 ; free virtual = 25403
Finished Renaming Generated Instances : Time (s): cpu = 00:01:19 ; elapsed = 00:01:19 . Memory (MB): peak = 1496.977 ; gain = 586.117 ; free physical = 762 ; free virtual = 25403
Finished Rebuilding User Hierarchy : Time (s): cpu = 00:01:19 ; elapsed = 00:01:19 . Memory (MB): peak = 1496.977 ; gain = 586.117 ; free physical = 762 ; free virtual = 25403
Finished Renaming Generated Ports : Time (s): cpu = 00:01:19 ; elapsed = 00:01:19 . Memory (MB): peak = 1496.977 ; gain = 586.117 ; free physical = 762 ; free virtual = 25403
Finished Handling Custom Attributes : Time (s): cpu = 00:01:19 ; elapsed = 00:01:19 . Memory (MB): peak = 1496.977 ; gain = 586.117 ; free physical = 762 ; free virtual = 25403
Finished Renaming Generated Nets : Time (s): cpu = 00:01:19 ; elapsed = 00:01:19 . Memory (MB): peak = 1496.977 ; gain = 586.117 ; free physical = 762 ; free virtual = 25403

Report Cell Usage: 
+------+---------+------+
|      |Cell     |Count |
+------+---------+------+
|1     |RAMB36E1 |    32|
+------+---------+------+
Finished Writing Synthesis Report : Time (s): cpu = 00:01:19 ; elapsed = 00:01:19 . Memory (MB): peak = 1496.977 ; gain = 586.117 ; free physical = 762 ; free virtual = 25403
synth_design: Time (s): cpu = 00:01:17 ; elapsed = 00:01:18 . Memory (MB): peak = 1496.977 ; gain = 488.398 ; free physical = 742 ; free virtual = 25383
