
*** Running vivado
    with args -log design_1_mdm_1_0.vds -m64 -product Vivado -mode batch -messageDb vivado.pb -notrace -source design_1_mdm_1_0.tcl


****** Vivado v2016.3 (64-bit)
  **** SW Build 1682563 on Mon Oct 10 19:07:26 MDT 2016
  **** IP Build 1681267 on Mon Oct 10 21:28:31 MDT 2016
    ** Copyright 1986-2016 Xilinx, Inc. All Rights Reserved.

source design_1_mdm_1_0.tcl -notrace
Starting RTL Elaboration : Time (s): cpu = 00:00:07 ; elapsed = 00:00:08 . Memory (MB): peak = 1102.160 ; gain = 191.301 ; free physical = 1784 ; free virtual = 26429
INFO: [Synth 8-638] synthesizing module 'design_1_mdm_1_0' [/home/catus/quicksdcard/quicksdcard.srcs/sources_1/bd/design_1/ip/design_1_mdm_1_0/synth/design_1_mdm_1_0.vhd:74]
INFO: [Synth 8-638] synthesizing module 'MDM' [/home/catus/quicksdcard/quicksdcard.srcs/sources_1/bd/design_1/ipshared/911b/hdl/mdm_v3_2_vh_rfs.vhd:13311]
INFO: [Synth 8-638] synthesizing module 'MB_BSCANE2' [/home/catus/quicksdcard/quicksdcard.srcs/sources_1/bd/design_1/ipshared/911b/hdl/mdm_v3_2_vh_rfs.vhd:277]
INFO: [Synth 8-256] done synthesizing module 'MB_BSCANE2' (1#1) [/home/catus/quicksdcard/quicksdcard.srcs/sources_1/bd/design_1/ipshared/911b/hdl/mdm_v3_2_vh_rfs.vhd:277]
INFO: [Synth 8-638] synthesizing module 'MB_BUFG' [/home/catus/quicksdcard/quicksdcard.srcs/sources_1/bd/design_1/ipshared/911b/hdl/mdm_v3_2_vh_rfs.vhd:328]
INFO: [Synth 8-256] done synthesizing module 'MB_BUFG' (2#1) [/home/catus/quicksdcard/quicksdcard.srcs/sources_1/bd/design_1/ipshared/911b/hdl/mdm_v3_2_vh_rfs.vhd:328]
INFO: [Synth 8-638] synthesizing module 'MDM_Core' [/home/catus/quicksdcard/quicksdcard.srcs/sources_1/bd/design_1/ipshared/911b/hdl/mdm_v3_2_vh_rfs.vhd:6525]
INFO: [Synth 8-638] synthesizing module 'JTAG_CONTROL' [/home/catus/quicksdcard/quicksdcard.srcs/sources_1/bd/design_1/ipshared/911b/hdl/mdm_v3_2_vh_rfs.vhd:3101]
INFO: [Synth 8-638] synthesizing module 'MB_FDC_1' [/home/catus/quicksdcard/quicksdcard.srcs/sources_1/bd/design_1/ipshared/911b/hdl/mdm_v3_2_vh_rfs.vhd:630]
INFO: [Synth 8-256] done synthesizing module 'MB_FDC_1' (3#1) [/home/catus/quicksdcard/quicksdcard.srcs/sources_1/bd/design_1/ipshared/911b/hdl/mdm_v3_2_vh_rfs.vhd:630]
INFO: [Synth 8-638] synthesizing module 'MB_FDRE_1' [/home/catus/quicksdcard/quicksdcard.srcs/sources_1/bd/design_1/ipshared/911b/hdl/mdm_v3_2_vh_rfs.vhd:690]
INFO: [Synth 8-256] done synthesizing module 'MB_FDRE_1' (4#1) [/home/catus/quicksdcard/quicksdcard.srcs/sources_1/bd/design_1/ipshared/911b/hdl/mdm_v3_2_vh_rfs.vhd:690]
INFO: [Synth 8-638] synthesizing module 'MB_SRL16E' [/home/catus/quicksdcard/quicksdcard.srcs/sources_1/bd/design_1/ipshared/911b/hdl/mdm_v3_2_vh_rfs.vhd:758]
INFO: [Synth 8-256] done synthesizing module 'MB_SRL16E' (5#1) [/home/catus/quicksdcard/quicksdcard.srcs/sources_1/bd/design_1/ipshared/911b/hdl/mdm_v3_2_vh_rfs.vhd:758]
INFO: [Synth 8-638] synthesizing module 'MB_SRL16E__parameterized1' [/home/catus/quicksdcard/quicksdcard.srcs/sources_1/bd/design_1/ipshared/911b/hdl/mdm_v3_2_vh_rfs.vhd:758]
INFO: [Synth 8-256] done synthesizing module 'MB_SRL16E__parameterized1' (5#1) [/home/catus/quicksdcard/quicksdcard.srcs/sources_1/bd/design_1/ipshared/911b/hdl/mdm_v3_2_vh_rfs.vhd:758]
INFO: [Synth 8-638] synthesizing module 'MB_SRL16E__parameterized3' [/home/catus/quicksdcard/quicksdcard.srcs/sources_1/bd/design_1/ipshared/911b/hdl/mdm_v3_2_vh_rfs.vhd:758]
INFO: [Synth 8-256] done synthesizing module 'MB_SRL16E__parameterized3' (5#1) [/home/catus/quicksdcard/quicksdcard.srcs/sources_1/bd/design_1/ipshared/911b/hdl/mdm_v3_2_vh_rfs.vhd:758]
INFO: [Synth 8-638] synthesizing module 'MB_SRL16E__parameterized5' [/home/catus/quicksdcard/quicksdcard.srcs/sources_1/bd/design_1/ipshared/911b/hdl/mdm_v3_2_vh_rfs.vhd:758]
INFO: [Synth 8-256] done synthesizing module 'MB_SRL16E__parameterized5' (5#1) [/home/catus/quicksdcard/quicksdcard.srcs/sources_1/bd/design_1/ipshared/911b/hdl/mdm_v3_2_vh_rfs.vhd:758]
INFO: [Synth 8-256] done synthesizing module 'JTAG_CONTROL' (6#1) [/home/catus/quicksdcard/quicksdcard.srcs/sources_1/bd/design_1/ipshared/911b/hdl/mdm_v3_2_vh_rfs.vhd:3101]
INFO: [Synth 8-256] done synthesizing module 'MDM_Core' (7#1) [/home/catus/quicksdcard/quicksdcard.srcs/sources_1/bd/design_1/ipshared/911b/hdl/mdm_v3_2_vh_rfs.vhd:6525]
INFO: [Synth 8-256] done synthesizing module 'MDM' (8#1) [/home/catus/quicksdcard/quicksdcard.srcs/sources_1/bd/design_1/ipshared/911b/hdl/mdm_v3_2_vh_rfs.vhd:13311]
INFO: [Synth 8-256] done synthesizing module 'design_1_mdm_1_0' (9#1) [/home/catus/quicksdcard/quicksdcard.srcs/sources_1/bd/design_1/ip/design_1_mdm_1_0/synth/design_1_mdm_1_0.vhd:74]
Finished RTL Elaboration : Time (s): cpu = 00:00:09 ; elapsed = 00:00:09 . Memory (MB): peak = 1151.629 ; gain = 240.770 ; free physical = 1668 ; free virtual = 26314
Finished RTL Optimization Phase 1 : Time (s): cpu = 00:00:09 ; elapsed = 00:00:10 . Memory (MB): peak = 1151.629 ; gain = 240.770 ; free physical = 1666 ; free virtual = 26312
INFO: [Device 21-403] Loading part xc7a35tcpg236-1
Constraint Validation Runtime : Time (s): cpu = 00:00:00.01 ; elapsed = 00:00:00.02 . Memory (MB): peak = 1516.430 ; gain = 0.000 ; free physical = 1396 ; free virtual = 26042
Finished Constraint Validation : Time (s): cpu = 00:00:17 ; elapsed = 00:00:17 . Memory (MB): peak = 1516.430 ; gain = 605.570 ; free physical = 1244 ; free virtual = 25891
Finished Loading Part and Timing Information : Time (s): cpu = 00:00:17 ; elapsed = 00:00:17 . Memory (MB): peak = 1516.430 ; gain = 605.570 ; free physical = 1244 ; free virtual = 25891
Finished applying 'set_property' XDC Constraints : Time (s): cpu = 00:00:17 ; elapsed = 00:00:17 . Memory (MB): peak = 1516.430 ; gain = 605.570 ; free physical = 1244 ; free virtual = 25891
Finished RTL Optimization Phase 2 : Time (s): cpu = 00:00:17 ; elapsed = 00:00:17 . Memory (MB): peak = 1516.430 ; gain = 605.570 ; free physical = 1232 ; free virtual = 25878
Finished Cross Boundary and Area Optimization : Time (s): cpu = 00:00:18 ; elapsed = 00:00:18 . Memory (MB): peak = 1516.430 ; gain = 605.570 ; free physical = 1212 ; free virtual = 25859
Finished Applying XDC Timing Constraints : Time (s): cpu = 00:00:24 ; elapsed = 00:00:24 . Memory (MB): peak = 1516.430 ; gain = 605.570 ; free physical = 1609 ; free virtual = 26258
Finished Timing Optimization : Time (s): cpu = 00:00:24 ; elapsed = 00:00:24 . Memory (MB): peak = 1516.430 ; gain = 605.570 ; free physical = 1597 ; free virtual = 26246
Finished Technology Mapping : Time (s): cpu = 00:00:24 ; elapsed = 00:00:24 . Memory (MB): peak = 1516.430 ; gain = 605.570 ; free physical = 1588 ; free virtual = 26236
Finished IO Insertion : Time (s): cpu = 00:00:25 ; elapsed = 00:00:25 . Memory (MB): peak = 1516.430 ; gain = 605.570 ; free physical = 1588 ; free virtual = 26236
Finished Renaming Generated Instances : Time (s): cpu = 00:00:25 ; elapsed = 00:00:25 . Memory (MB): peak = 1516.430 ; gain = 605.570 ; free physical = 1588 ; free virtual = 26236
Finished Rebuilding User Hierarchy : Time (s): cpu = 00:00:25 ; elapsed = 00:00:25 . Memory (MB): peak = 1516.430 ; gain = 605.570 ; free physical = 1588 ; free virtual = 26236
Finished Renaming Generated Ports : Time (s): cpu = 00:00:25 ; elapsed = 00:00:25 . Memory (MB): peak = 1516.430 ; gain = 605.570 ; free physical = 1588 ; free virtual = 26236
Finished Handling Custom Attributes : Time (s): cpu = 00:00:25 ; elapsed = 00:00:25 . Memory (MB): peak = 1516.430 ; gain = 605.570 ; free physical = 1588 ; free virtual = 26236
Finished Renaming Generated Nets : Time (s): cpu = 00:00:25 ; elapsed = 00:00:25 . Memory (MB): peak = 1516.430 ; gain = 605.570 ; free physical = 1588 ; free virtual = 26236

Report Cell Usage: 
+------+--------+------+
|      |Cell    |Count |
+------+--------+------+
|1     |BSCANE2 |     1|
|2     |BUFG    |     1|
|3     |LUT1    |     3|
|4     |LUT2    |    14|
|5     |LUT3    |    29|
|6     |LUT4    |    13|
|7     |LUT5    |    16|
|8     |LUT6    |    34|
|9     |SRL16E  |     7|
|10    |FDCE    |   100|
|11    |FDC_1   |     1|
|12    |FDPE    |     7|
|13    |FDRE    |     3|
|14    |FDRE_1  |     1|
+------+--------+------+
Finished Writing Synthesis Report : Time (s): cpu = 00:00:25 ; elapsed = 00:00:25 . Memory (MB): peak = 1516.430 ; gain = 605.570 ; free physical = 1588 ; free virtual = 26236
synth_design: Time (s): cpu = 00:00:24 ; elapsed = 00:00:24 . Memory (MB): peak = 1958.602 ; gain = 937.023 ; free physical = 1225 ; free virtual = 25874
