
*** Running vivado
    with args -log design_1_microblaze_0_1.vds -m64 -product Vivado -mode batch -messageDb vivado.pb -notrace -source design_1_microblaze_0_1.tcl


****** Vivado v2016.4 (64-bit)
  **** SW Build 1756540 on Mon Jan 23 19:11:23 MST 2017
  **** IP Build 1755317 on Mon Jan 23 20:30:07 MST 2017
    ** Copyright 1986-2016 Xilinx, Inc. All Rights Reserved.

source design_1_microblaze_0_1.tcl -notrace
Starting RTL Elaboration : Time (s): cpu = 00:00:10 ; elapsed = 00:00:12 . Memory (MB): peak = 314.313 ; gain = 103.797
INFO: [Synth 8-638] synthesizing module 'design_1_microblaze_0_1' [c:/Users/freespace/Desktop/quicksdcard/quicksdcard.srcs/sources_1/bd/design_1/ip/design_1_microblaze_0_1/synth/design_1_microblaze_0_1.vhd:116]
INFO: [Synth 8-256] done synthesizing module 'design_1_microblaze_0_1' (52#1) [c:/Users/freespace/Desktop/quicksdcard/quicksdcard.srcs/sources_1/bd/design_1/ip/design_1_microblaze_0_1/synth/design_1_microblaze_0_1.vhd:116]
Finished RTL Elaboration : Time (s): cpu = 00:00:22 ; elapsed = 00:00:24 . Memory (MB): peak = 490.281 ; gain = 279.766
Finished RTL Optimization Phase 1 : Time (s): cpu = 00:00:22 ; elapsed = 00:00:25 . Memory (MB): peak = 490.281 ; gain = 279.766
INFO: [Device 21-403] Loading part xc7a35tcpg236-1
Constraint Validation Runtime : Time (s): cpu = 00:00:00 ; elapsed = 00:00:00.456 . Memory (MB): peak = 717.609 ; gain = 0.848
Finished Constraint Validation : Time (s): cpu = 00:00:38 ; elapsed = 00:00:41 . Memory (MB): peak = 717.609 ; gain = 507.094
Finished Loading Part and Timing Information : Time (s): cpu = 00:00:38 ; elapsed = 00:00:41 . Memory (MB): peak = 717.609 ; gain = 507.094
Finished applying 'set_property' XDC Constraints : Time (s): cpu = 00:00:38 ; elapsed = 00:00:41 . Memory (MB): peak = 717.609 ; gain = 507.094
Finished RTL Optimization Phase 2 : Time (s): cpu = 00:00:44 ; elapsed = 00:00:48 . Memory (MB): peak = 717.609 ; gain = 507.094
Finished Cross Boundary and Area Optimization : Time (s): cpu = 00:00:57 ; elapsed = 00:01:02 . Memory (MB): peak = 717.609 ; gain = 507.094
Finished Applying XDC Timing Constraints : Time (s): cpu = 00:01:10 ; elapsed = 00:01:15 . Memory (MB): peak = 717.609 ; gain = 507.094
Finished Timing Optimization : Time (s): cpu = 00:01:37 ; elapsed = 00:01:44 . Memory (MB): peak = 772.570 ; gain = 562.055
Finished Technology Mapping : Time (s): cpu = 00:01:40 ; elapsed = 00:01:47 . Memory (MB): peak = 772.570 ; gain = 562.055
Finished IO Insertion : Time (s): cpu = 00:01:41 ; elapsed = 00:01:48 . Memory (MB): peak = 772.570 ; gain = 562.055
Finished Renaming Generated Instances : Time (s): cpu = 00:01:41 ; elapsed = 00:01:48 . Memory (MB): peak = 772.570 ; gain = 562.055
Finished Rebuilding User Hierarchy : Time (s): cpu = 00:01:42 ; elapsed = 00:01:49 . Memory (MB): peak = 772.570 ; gain = 562.055
Finished Renaming Generated Ports : Time (s): cpu = 00:01:42 ; elapsed = 00:01:49 . Memory (MB): peak = 772.570 ; gain = 562.055
Finished Handling Custom Attributes : Time (s): cpu = 00:01:42 ; elapsed = 00:01:49 . Memory (MB): peak = 772.570 ; gain = 562.055
Finished Renaming Generated Nets : Time (s): cpu = 00:01:42 ; elapsed = 00:01:49 . Memory (MB): peak = 772.570 ; gain = 562.055

Report Cell Usage: 
+------+---------+------+
|      |Cell     |Count |
+------+---------+------+
|1     |AND2B1L  |     1|
|2     |LUT1     |    17|
|3     |LUT2     |    73|
|4     |LUT3     |   276|
|5     |LUT4     |    90|
|6     |LUT5     |   154|
|7     |LUT6     |   372|
|8     |LUT6_2   |    80|
|9     |MULT_AND |     1|
|10    |MUXCY_L  |   136|
|11    |MUXF7    |   116|
|12    |RAM32M   |    16|
|13    |SRL16E   |    89|
|14    |SRLC16E  |     8|
|15    |XORCY    |    94|
|16    |FDCE     |   143|
|17    |FDE      |    32|
|18    |FDR      |    87|
|19    |FDRE     |  1209|
|20    |FDS      |     1|
|21    |FDSE     |    36|
+------+---------+------+
Finished Writing Synthesis Report : Time (s): cpu = 00:01:42 ; elapsed = 00:01:49 . Memory (MB): peak = 772.570 ; gain = 562.055
synth_design: Time (s): cpu = 00:01:46 ; elapsed = 00:01:52 . Memory (MB): peak = 1171.105 ; gain = 938.391
